2022-03-24 22:44:33,179{GMT}	INFO	[jepsen test runner] jepsen.core: Command line:
lein run test --node 127.0.0.1 --password Dem0nnet33dem0nN
2022-03-24 22:44:33,239{GMT}	INFO	[jepsen test runner] jepsen.core: Running test:
{:remote #jepsen.control.SSHRemote{:session nil}
 :concurrency 1
 :db
 #object[jepsen.neo4j$db$reify__5096
         "0x7388d94d"
         "jepsen.neo4j$db$reify__5096@7388d94d"]
 :leave-db-running? false
 :name "neo4j"
 :logging-json? false
 :start-time
 #object[org.joda.time.DateTime "0x7f39bcb5" "2022-03-24T22:44:33.000+03:00"]
 :net
 #object[jepsen.net$reify__9085 "0x4e6881e" "jepsen.net$reify__9085@4e6881e"]
 :client #jepsen.neo4j.Client{:conn nil}
 :barrier
 #object[java.util.concurrent.CyclicBarrier
         "0x25192b6e"
         "java.util.concurrent.CyclicBarrier@25192b6e"]
 :pure-generators true
 :ssh
 {:dummy? false,
  :username "root",
  :password "Dem0nnet33dem0nN",
  :strict-host-key-checking false,
  :private-key-path nil}
 :checker
 #object[jepsen.checker$unbridled_optimism$reify__8609
         "0x76d654"
         "jepsen.checker$unbridled_optimism$reify__8609@76d654"]
 :argv ("test" "--node" "127.0.0.1" "--password" "Dem0nnet33dem0nN")
 :nemesis
 #object[jepsen.nemesis$reify__9186
         "0x32180efb"
         "jepsen.nemesis$reify__9186@32180efb"]
 :active-histories
 #object[clojure.lang.Atom "0x2acfd27b" {:status :ready, :val #{}}]
 :nodes ["127.0.0.1"]
 :test-count 1
 :generator
 (jepsen.generator.TimeLimit
  {:limit 15000000000,
   :cutoff nil,
   :gen (jepsen.generator.Any
         {:gens [(jepsen.generator.OnThreads {:f #{:nemesis}, :gen nil})
                 (jepsen.generator.OnThreads
                  {:f #object[clojure.core$complement$fn__5654
                              "0x51c7d472"
                              "clojure.core$complement$fn__5654@51c7d472"],
                   :gen (jepsen.generator.Stagger
                         {:dt 2000000000,
                          :next-time nil,
                          :gen (jepsen.generator.Mix
                                {:i 1,
                                 :gens [#object[jepsen.neo4j$r
                                                "0x3aa4d595"
                                                "jepsen.neo4j$r@3aa4d595"]
                                        #object[jepsen.neo4j$w
                                                "0xe50e308"
                                                "jepsen.neo4j$w@e50e308"]]})})})]})})
 :os
 #object[jepsen.os.ubuntu.Ubuntu
         "0x28ab7ffb"
         "jepsen.os.ubuntu.Ubuntu@28ab7ffb"]
 :time-limit 60}

2022-03-24 22:44:33,589{GMT}	INFO	[jepsen node 127.0.0.1] jepsen.os.ubuntu: 127.0.0.1 setting up ubuntu
2022-03-24 22:44:34,650{GMT}	INFO	[jepsen test runner] jepsen.db: Tearing down DB
2022-03-24 22:44:34,652{GMT}	INFO	[jepsen node 127.0.0.1] jepsen.neo4j: 127.0.0.1 tearing down neo4j
2022-03-24 22:44:34,652{GMT}	INFO	[jepsen node 127.0.0.1] jepsen.control.util: Stopping /opt/neo4j/bin/neo4j
2022-03-24 22:44:38,005{GMT}	INFO	[jepsen test runner] jepsen.db: Setting up DB
2022-03-24 22:44:38,007{GMT}	INFO	[jepsen node 127.0.0.1] jepsen.neo4j: 127.0.0.1 installing neo4j 3.5.4
2022-03-24 22:44:45,440{GMT}	INFO	[jepsen test runner] jepsen.core: Relative time begins now
2022-03-24 22:44:45,632{GMT}	INFO	[jepsen worker 0] jepsen.util: 0	:invoke	:write	"n4"
2022-03-24 22:44:46,253{GMT}	INFO	[jepsen worker 0] jepsen.util: 0	:ok	:write	"n4"
2022-03-24 22:44:47,214{GMT}	INFO	[jepsen worker 0] jepsen.util: 0	:invoke	:read	nil
2022-03-24 22:44:47,265{GMT}	INFO	[jepsen worker 0] jepsen.util: 0	:ok	:read	{:labels [], :id 0, :ref-id "n2", :props {:first-name "Geo", :last-name "Anderson"}}
2022-03-24 22:44:47,757{GMT}	INFO	[jepsen worker 0] jepsen.util: 0	:invoke	:read	nil
2022-03-24 22:44:47,769{GMT}	INFO	[jepsen worker 0] jepsen.util: 0	:ok	:read	{:labels [], :id 0, :ref-id "n2", :props {:first-name "Geo", :last-name "Anderson"}}
2022-03-24 22:44:49,631{GMT}	INFO	[jepsen worker 0] jepsen.util: 0	:invoke	:read	nil
2022-03-24 22:44:49,645{GMT}	INFO	[jepsen worker 0] jepsen.util: 0	:ok	:read	{:labels [], :id 0, :ref-id "n2", :props {:first-name "Geo", :last-name "Anderson"}}
2022-03-24 22:44:51,085{GMT}	INFO	[jepsen worker 0] jepsen.util: 0	:invoke	:read	nil
2022-03-24 22:44:51,099{GMT}	INFO	[jepsen worker 0] jepsen.util: 0	:ok	:read	{:labels [], :id 0, :ref-id "n2", :props {:first-name "Geo", :last-name "Anderson"}}
2022-03-24 22:44:51,491{GMT}	INFO	[jepsen worker 0] jepsen.util: 0	:invoke	:write	"n2"
2022-03-24 22:44:51,542{GMT}	INFO	[jepsen worker 0] jepsen.util: 0	:ok	:write	"n2"
2022-03-24 22:44:52,664{GMT}	INFO	[jepsen worker 0] jepsen.util: 0	:invoke	:read	nil
2022-03-24 22:44:52,678{GMT}	INFO	[jepsen worker 0] jepsen.util: 0	:ok	:read	{:labels [], :id 0, :ref-id "n2", :props {:first-name "Geo", :last-name "Anderson"}}
2022-03-24 22:44:54,650{GMT}	INFO	[jepsen worker 0] jepsen.util: 0	:invoke	:read	nil
2022-03-24 22:44:54,664{GMT}	INFO	[jepsen worker 0] jepsen.util: 0	:ok	:read	{:labels [], :id 0, :ref-id "n2", :props {:first-name "Geo", :last-name "Anderson"}}
2022-03-24 22:44:55,946{GMT}	INFO	[jepsen worker 0] jepsen.util: 0	:invoke	:read	nil
2022-03-24 22:44:55,958{GMT}	INFO	[jepsen worker 0] jepsen.util: 0	:ok	:read	{:labels [], :id 0, :ref-id "n2", :props {:first-name "Geo", :last-name "Anderson"}}
2022-03-24 22:44:57,456{GMT}	INFO	[jepsen worker 0] jepsen.util: 0	:invoke	:read	nil
2022-03-24 22:44:57,475{GMT}	INFO	[jepsen worker 0] jepsen.util: 0	:ok	:read	{:labels [], :id 0, :ref-id "n2", :props {:first-name "Geo", :last-name "Anderson"}}
2022-03-24 22:44:57,708{GMT}	INFO	[jepsen worker 0] jepsen.util: 0	:invoke	:write	"n3"
2022-03-24 22:44:57,748{GMT}	INFO	[jepsen worker 0] jepsen.util: 0	:ok	:write	"n3"
2022-03-24 22:44:59,083{GMT}	INFO	[jepsen worker 0] jepsen.util: 0	:invoke	:write	"n1"
2022-03-24 22:44:59,121{GMT}	INFO	[jepsen worker 0] jepsen.util: 0	:ok	:write	"n1"
2022-03-24 22:44:59,123{GMT}	INFO	[jepsen test runner] jepsen.core: Run complete, writing
2022-03-24 22:44:59,145{GMT}	INFO	[jepsen test runner] jepsen.core: Analyzing...
2022-03-24 22:44:59,146{GMT}	INFO	[jepsen test runner] jepsen.core: Analysis complete
2022-03-24 22:44:59,148{GMT}	INFO	[jepsen results] jepsen.store: Wrote /home/d1m0000n/diploma_neo4j/jepsen.neo4j/store/neo4j/20220324T224433.000+0300/results.edn
2022-03-24 22:44:59,151{GMT}	INFO	[jepsen test runner] jepsen.core: Snarfing log files
2022-03-24 22:44:59,255{GMT}	INFO	[jepsen node 127.0.0.1] jepsen.core: downloading /opt/neo4j/logs/neo4j.log to neo4j.log
2022-03-24 22:44:59,380{GMT}	INFO	[jepsen node 127.0.0.1] jepsen.core: downloading /opt/neo4j/logs/debug.log to debug.log
2022-03-24 22:44:59,401{GMT}	INFO	[jepsen test runner] jepsen.core: Snarfing log files
2022-03-24 22:44:59,503{GMT}	INFO	[jepsen node 127.0.0.1] jepsen.core: downloading /opt/neo4j/logs/neo4j.log to neo4j.log
2022-03-24 22:44:59,613{GMT}	INFO	[jepsen node 127.0.0.1] jepsen.core: downloading /opt/neo4j/logs/debug.log to debug.log
2022-03-24 22:44:59,632{GMT}	INFO	[jepsen node 127.0.0.1] jepsen.neo4j: 127.0.0.1 tearing down neo4j
2022-03-24 22:44:59,632{GMT}	INFO	[jepsen node 127.0.0.1] jepsen.control.util: Stopping /opt/neo4j/bin/neo4j
2022-03-24 22:45:03,956{GMT}	INFO	[jepsen test runner] jepsen.core: {:valid? true}


Everything looks good! ヽ(‘ー`)ノ
