2022-03-24 21:20:41,838{GMT}	INFO	[jepsen test runner] jepsen.core: Command line:
lein run test --node 127.0.0.1 --password Dem0nnet33dem0nN
2022-03-24 21:20:41,896{GMT}	INFO	[jepsen test runner] jepsen.core: Running test:
{:remote #jepsen.control.SSHRemote{:session nil}
 :concurrency 1
 :db
 #object[jepsen.neo4j$db$reify__5096
         "0x68d1f4e2"
         "jepsen.neo4j$db$reify__5096@68d1f4e2"]
 :leave-db-running? false
 :name "neo4j"
 :logging-json? false
 :start-time
 #object[org.joda.time.DateTime "0x61f18997" "2022-03-24T21:20:41.000+03:00"]
 :net
 #object[jepsen.net$reify__9085 "0x55448710" "jepsen.net$reify__9085@55448710"]
 :client #jepsen.neo4j.Client{:conn nil}
 :barrier
 #object[java.util.concurrent.CyclicBarrier
         "0x39240aa3"
         "java.util.concurrent.CyclicBarrier@39240aa3"]
 :pure-generators true
 :ssh
 {:dummy? false,
  :username "root",
  :password "Dem0nnet33dem0nN",
  :strict-host-key-checking false,
  :private-key-path nil}
 :checker
 #object[jepsen.checker$unbridled_optimism$reify__8609
         "0x13c36d48"
         "jepsen.checker$unbridled_optimism$reify__8609@13c36d48"]
 :argv ("test" "--node" "127.0.0.1" "--password" "Dem0nnet33dem0nN")
 :nemesis
 #object[jepsen.nemesis$reify__9186
         "0x7e93e396"
         "jepsen.nemesis$reify__9186@7e93e396"]
 :active-histories
 #object[clojure.lang.Atom "0x7f39bcb5" {:status :ready, :val #{}}]
 :nodes ["127.0.0.1"]
 :test-count 1
 :generator
 (jepsen.generator.TimeLimit
  {:limit 2000000000,
   :cutoff nil,
   :gen (jepsen.generator.Any
         {:gens [(jepsen.generator.OnThreads {:f #{:nemesis}, :gen nil})
                 (jepsen.generator.OnThreads
                  {:f #object[clojure.core$complement$fn__5654
                              "0x36b6802f"
                              "clojure.core$complement$fn__5654@36b6802f"],
                   :gen (jepsen.generator.Stagger
                         {:dt 2000000000,
                          :next-time nil,
                          :gen #object[jepsen.neo4j$r
                                       "0x7d2d5625"
                                       "jepsen.neo4j$r@7d2d5625"]})})]})})
 :os
 #object[jepsen.os.ubuntu.Ubuntu
         "0x29a51ff1"
         "jepsen.os.ubuntu.Ubuntu@29a51ff1"]
 :time-limit 60}

2022-03-24 21:20:42,249{GMT}	INFO	[jepsen node 127.0.0.1] jepsen.os.ubuntu: 127.0.0.1 setting up ubuntu
2022-03-24 21:20:43,487{GMT}	INFO	[jepsen test runner] jepsen.db: Tearing down DB
2022-03-24 21:20:43,488{GMT}	INFO	[jepsen node 127.0.0.1] jepsen.neo4j: 127.0.0.1 tearing down neo4j
2022-03-24 21:20:43,488{GMT}	INFO	[jepsen node 127.0.0.1] jepsen.control.util: Stopping /opt/neo4j/bin/neo4j
2022-03-24 21:20:46,796{GMT}	INFO	[jepsen test runner] jepsen.db: Setting up DB
2022-03-24 21:20:46,797{GMT}	INFO	[jepsen node 127.0.0.1] jepsen.neo4j: 127.0.0.1 installing neo4j 3.5.4
2022-03-24 21:20:54,224{GMT}	INFO	[jepsen test runner] jepsen.core: Relative time begins now
2022-03-24 21:20:54,410{GMT}	INFO	[jepsen worker 0] jepsen.util: 0	:invoke	:read	nil
2022-03-24 21:20:54,817{GMT}	INFO	[jepsen worker 0] jepsen.util: 0	:ok	:read	nil
2022-03-24 21:20:55,978{GMT}	INFO	[jepsen worker 0] jepsen.util: 0	:invoke	:read	nil
2022-03-24 21:20:55,987{GMT}	INFO	[jepsen worker 0] jepsen.util: 0	:ok	:read	nil
2022-03-24 21:20:55,989{GMT}	INFO	[jepsen test runner] jepsen.core: Run complete, writing
2022-03-24 21:20:56,007{GMT}	INFO	[jepsen test runner] jepsen.core: Analyzing...
2022-03-24 21:20:56,008{GMT}	INFO	[jepsen test runner] jepsen.core: Analysis complete
2022-03-24 21:20:56,010{GMT}	INFO	[jepsen results] jepsen.store: Wrote /home/d1m0000n/diploma_neo4j/jepsen.neo4j/store/neo4j/20220324T212041.000+0300/results.edn
2022-03-24 21:20:56,013{GMT}	INFO	[jepsen test runner] jepsen.core: Snarfing log files
2022-03-24 21:20:56,117{GMT}	INFO	[jepsen node 127.0.0.1] jepsen.core: downloading /opt/neo4j/logs/neo4j.log to neo4j.log
2022-03-24 21:20:56,232{GMT}	INFO	[jepsen node 127.0.0.1] jepsen.core: downloading /opt/neo4j/logs/debug.log to debug.log
2022-03-24 21:20:56,242{GMT}	INFO	[jepsen test runner] jepsen.core: Snarfing log files
2022-03-24 21:20:56,343{GMT}	INFO	[jepsen node 127.0.0.1] jepsen.core: downloading /opt/neo4j/logs/neo4j.log to neo4j.log
2022-03-24 21:20:56,452{GMT}	INFO	[jepsen node 127.0.0.1] jepsen.core: downloading /opt/neo4j/logs/debug.log to debug.log
2022-03-24 21:20:56,463{GMT}	INFO	[jepsen node 127.0.0.1] jepsen.neo4j: 127.0.0.1 tearing down neo4j
2022-03-24 21:20:56,463{GMT}	INFO	[jepsen node 127.0.0.1] jepsen.control.util: Stopping /opt/neo4j/bin/neo4j
2022-03-24 21:21:00,774{GMT}	INFO	[jepsen test runner] jepsen.core: {:valid? true}


Everything looks good! ヽ(‘ー`)ノ
