2022-03-24 21:08:45,828{GMT}	INFO	[jepsen test runner] jepsen.core: Command line:
lein run test --node 127.0.0.1 --password Dem0nnet33dem0nN
2022-03-24 21:08:45,886{GMT}	INFO	[jepsen test runner] jepsen.core: Running test:
{:remote #jepsen.control.SSHRemote{:session nil}
 :concurrency 1
 :db
 #object[jepsen.neo4j$db$reify__5096
         "0x221ef0f0"
         "jepsen.neo4j$db$reify__5096@221ef0f0"]
 :leave-db-running? false
 :name "neo4j"
 :logging-json? false
 :start-time
 #object[org.joda.time.DateTime "0x1131fcfd" "2022-03-24T21:08:45.000+03:00"]
 :net
 #object[jepsen.net$reify__9085 "0x46d2be66" "jepsen.net$reify__9085@46d2be66"]
 :client #jepsen.neo4j.Client{:conn nil}
 :barrier
 #object[java.util.concurrent.CyclicBarrier
         "0x119de68f"
         "java.util.concurrent.CyclicBarrier@119de68f"]
 :pure-generators true
 :ssh
 {:dummy? false,
  :username "root",
  :password "Dem0nnet33dem0nN",
  :strict-host-key-checking false,
  :private-key-path nil}
 :checker
 #object[jepsen.checker$unbridled_optimism$reify__8609
         "0x529cd3ba"
         "jepsen.checker$unbridled_optimism$reify__8609@529cd3ba"]
 :argv ("test" "--node" "127.0.0.1" "--password" "Dem0nnet33dem0nN")
 :nemesis
 #object[jepsen.nemesis$reify__9186
         "0x4c541b00"
         "jepsen.nemesis$reify__9186@4c541b00"]
 :active-histories
 #object[clojure.lang.Atom "0x39240aa3" {:status :ready, :val #{}}]
 :nodes ["127.0.0.1"]
 :test-count 1
 :generator
 (jepsen.generator.TimeLimit
  {:limit 3000000000,
   :cutoff nil,
   :gen (jepsen.generator.Any
         {:gens [(jepsen.generator.OnThreads {:f #{:nemesis}, :gen nil})
                 (jepsen.generator.OnThreads
                  {:f #object[clojure.core$complement$fn__5654
                              "0x32180efb"
                              "clojure.core$complement$fn__5654@32180efb"],
                   :gen (jepsen.generator.Stagger
                         {:dt 2000000000,
                          :next-time nil,
                          :gen #object[jepsen.neo4j$r
                                       "0x20ed6de"
                                       "jepsen.neo4j$r@20ed6de"]})})]})})
 :os
 #object[jepsen.os.ubuntu.Ubuntu
         "0x6ea0dfaa"
         "jepsen.os.ubuntu.Ubuntu@6ea0dfaa"]
 :time-limit 60}

2022-03-24 21:08:46,224{GMT}	INFO	[jepsen node 127.0.0.1] jepsen.os.ubuntu: 127.0.0.1 setting up ubuntu
2022-03-24 21:08:47,303{GMT}	INFO	[jepsen test runner] jepsen.db: Tearing down DB
2022-03-24 21:08:47,305{GMT}	INFO	[jepsen node 127.0.0.1] jepsen.neo4j: 127.0.0.1 tearing down neo4j
2022-03-24 21:08:47,305{GMT}	INFO	[jepsen node 127.0.0.1] jepsen.control.util: Stopping /opt/neo4j/bin/neo4j
2022-03-24 21:08:50,618{GMT}	INFO	[jepsen test runner] jepsen.db: Setting up DB
2022-03-24 21:08:50,620{GMT}	INFO	[jepsen node 127.0.0.1] jepsen.neo4j: 127.0.0.1 installing neo4j 3.5.4
2022-03-24 21:08:52,825{GMT}	INFO	[jepsen test runner] jepsen.core: Relative time begins now
2022-03-24 21:08:53,048{GMT}	INFO	[jepsen worker 0] jepsen.util: 0	:invoke	:read	nil
2022-03-24 21:08:53,243{GMT}	WARN	[jepsen worker 0] jepsen.generator.interpreter: Process 0 crashed
org.neo4j.driver.exceptions.ServiceUnavailableException: Unable to connect to localhost:7687, ensure the database is running and that there is a working network connection to it.
	at org.neo4j.driver.internal.util.Futures.blockingGet(Futures.java:144)
	at org.neo4j.driver.internal.InternalSession.run(InternalSession.java:69)
	at org.neo4j.driver.internal.InternalSession.run(InternalSession.java:51)
	at org.neo4j.driver.internal.AbstractQueryRunner.run(AbstractQueryRunner.java:37)
	at neo4clj.java_interop$execute.invokeStatic(java_interop.clj:57)
	at neo4clj.java_interop$execute.invoke(java_interop.clj:52)
	at neo4clj.client$eval4859$fn__4860.invoke(client.clj:86)
	at clojure.lang.MultiFn.invoke(MultiFn.java:239)
	at neo4clj.client$eval4859$fn__4860.invoke(client.clj:83)
	at clojure.lang.MultiFn.invoke(MultiFn.java:234)
	at neo4clj.client$find_node.invokeStatic(client.clj:168)
	at neo4clj.client$find_node.invoke(client.clj:163)
	at jepsen.neo4j.Client.invoke_BANG_(neo4j.clj:81)
	at jepsen.client.Validate.invoke_BANG_(client.clj:83)
	at jepsen.generator.interpreter.ClientWorker.invoke_BANG_(interpreter.clj:62)
	at jepsen.generator.interpreter$spawn_worker$fn__9422$fn__9423.invoke(interpreter.clj:137)
	at jepsen.generator.interpreter$spawn_worker$fn__9422.invoke(interpreter.clj:120)
	at clojure.core$binding_conveyor_fn$fn__5739.invoke(core.clj:2030)
	at clojure.lang.AFn.call(AFn.java:18)
	at java.base/java.util.concurrent.FutureTask.run(FutureTask.java:264)
	at java.base/java.util.concurrent.ThreadPoolExecutor.runWorker(ThreadPoolExecutor.java:1128)
	at java.base/java.util.concurrent.ThreadPoolExecutor$Worker.run(ThreadPoolExecutor.java:628)
	at java.base/java.lang.Thread.run(Thread.java:829)
	Suppressed: org.neo4j.driver.internal.util.ErrorUtil$InternalExceptionCause: null
		at org.neo4j.driver.internal.async.connection.ChannelConnectedListener.databaseUnavailableError(ChannelConnectedListener.java:76)
		at org.neo4j.driver.internal.async.connection.ChannelConnectedListener.operationComplete(ChannelConnectedListener.java:70)
		at org.neo4j.driver.internal.async.connection.ChannelConnectedListener.operationComplete(ChannelConnectedListener.java:37)
		at org.neo4j.driver.internal.shaded.io.netty.util.concurrent.DefaultPromise.notifyListener0(DefaultPromise.java:578)
		at org.neo4j.driver.internal.shaded.io.netty.util.concurrent.DefaultPromise.notifyListeners0(DefaultPromise.java:571)
		at org.neo4j.driver.internal.shaded.io.netty.util.concurrent.DefaultPromise.notifyListenersNow(DefaultPromise.java:550)
		at org.neo4j.driver.internal.shaded.io.netty.util.concurrent.DefaultPromise.notifyListeners(DefaultPromise.java:491)
		at org.neo4j.driver.internal.shaded.io.netty.util.concurrent.DefaultPromise.setValue0(DefaultPromise.java:616)
		at org.neo4j.driver.internal.shaded.io.netty.util.concurrent.DefaultPromise.setFailure0(DefaultPromise.java:609)
		at org.neo4j.driver.internal.shaded.io.netty.util.concurrent.DefaultPromise.tryFailure(DefaultPromise.java:117)
		at org.neo4j.driver.internal.shaded.io.netty.channel.nio.AbstractNioChannel$AbstractNioUnsafe.fulfillConnectPromise(AbstractNioChannel.java:321)
		at org.neo4j.driver.internal.shaded.io.netty.channel.nio.AbstractNioChannel$AbstractNioUnsafe.finishConnect(AbstractNioChannel.java:337)
		at org.neo4j.driver.internal.shaded.io.netty.channel.nio.NioEventLoop.processSelectedKey(NioEventLoop.java:710)
		at org.neo4j.driver.internal.shaded.io.netty.channel.nio.NioEventLoop.processSelectedKeysOptimized(NioEventLoop.java:658)
		at org.neo4j.driver.internal.shaded.io.netty.channel.nio.NioEventLoop.processSelectedKeys(NioEventLoop.java:584)
		at org.neo4j.driver.internal.shaded.io.netty.channel.nio.NioEventLoop.run(NioEventLoop.java:496)
		at org.neo4j.driver.internal.shaded.io.netty.util.concurrent.SingleThreadEventExecutor$4.run(SingleThreadEventExecutor.java:986)
		at org.neo4j.driver.internal.shaded.io.netty.util.internal.ThreadExecutorMap$2.run(ThreadExecutorMap.java:74)
		at org.neo4j.driver.internal.shaded.io.netty.util.concurrent.FastThreadLocalRunnable.run(FastThreadLocalRunnable.java:30)
		... 1 common frames omitted
Caused by: org.neo4j.driver.internal.shaded.io.netty.channel.AbstractChannel$AnnotatedConnectException: Connection refused: localhost/127.0.0.1:7687
Caused by: java.net.ConnectException: Connection refused
	at java.base/sun.nio.ch.SocketChannelImpl.checkConnect(Native Method)
	at java.base/sun.nio.ch.SocketChannelImpl.finishConnect(SocketChannelImpl.java:777)
	at org.neo4j.driver.internal.shaded.io.netty.channel.socket.nio.NioSocketChannel.doFinishConnect(NioSocketChannel.java:330)
	at org.neo4j.driver.internal.shaded.io.netty.channel.nio.AbstractNioChannel$AbstractNioUnsafe.finishConnect(AbstractNioChannel.java:334)
	at org.neo4j.driver.internal.shaded.io.netty.channel.nio.NioEventLoop.processSelectedKey(NioEventLoop.java:710)
	at org.neo4j.driver.internal.shaded.io.netty.channel.nio.NioEventLoop.processSelectedKeysOptimized(NioEventLoop.java:658)
	at org.neo4j.driver.internal.shaded.io.netty.channel.nio.NioEventLoop.processSelectedKeys(NioEventLoop.java:584)
	at org.neo4j.driver.internal.shaded.io.netty.channel.nio.NioEventLoop.run(NioEventLoop.java:496)
	at org.neo4j.driver.internal.shaded.io.netty.util.concurrent.SingleThreadEventExecutor$4.run(SingleThreadEventExecutor.java:986)
	at org.neo4j.driver.internal.shaded.io.netty.util.internal.ThreadExecutorMap$2.run(ThreadExecutorMap.java:74)
	at org.neo4j.driver.internal.shaded.io.netty.util.concurrent.FastThreadLocalRunnable.run(FastThreadLocalRunnable.java:30)
	at java.base/java.lang.Thread.run(Thread.java:829)
2022-03-24 21:08:53,838{GMT}	INFO	[jepsen worker 0] jepsen.util: 1	:invoke	:read	nil
2022-03-24 21:08:53,848{GMT}	WARN	[jepsen worker 0] jepsen.generator.interpreter: Process 1 crashed
org.neo4j.driver.exceptions.ServiceUnavailableException: Unable to connect to localhost:7687, ensure the database is running and that there is a working network connection to it.
	at org.neo4j.driver.internal.util.Futures.blockingGet(Futures.java:144)
	at org.neo4j.driver.internal.InternalSession.run(InternalSession.java:69)
	at org.neo4j.driver.internal.InternalSession.run(InternalSession.java:51)
	at org.neo4j.driver.internal.AbstractQueryRunner.run(AbstractQueryRunner.java:37)
	at neo4clj.java_interop$execute.invokeStatic(java_interop.clj:57)
	at neo4clj.java_interop$execute.invoke(java_interop.clj:52)
	at neo4clj.client$eval4859$fn__4860.invoke(client.clj:86)
	at clojure.lang.MultiFn.invoke(MultiFn.java:239)
	at neo4clj.client$eval4859$fn__4860.invoke(client.clj:83)
	at clojure.lang.MultiFn.invoke(MultiFn.java:234)
	at neo4clj.client$find_node.invokeStatic(client.clj:168)
	at neo4clj.client$find_node.invoke(client.clj:163)
	at jepsen.neo4j.Client.invoke_BANG_(neo4j.clj:81)
	at jepsen.client.Validate.invoke_BANG_(client.clj:83)
	at jepsen.generator.interpreter.ClientWorker.invoke_BANG_(interpreter.clj:62)
	at jepsen.generator.interpreter$spawn_worker$fn__9422$fn__9423.invoke(interpreter.clj:137)
	at jepsen.generator.interpreter$spawn_worker$fn__9422.invoke(interpreter.clj:120)
	at clojure.core$binding_conveyor_fn$fn__5739.invoke(core.clj:2030)
	at clojure.lang.AFn.call(AFn.java:18)
	at java.base/java.util.concurrent.FutureTask.run(FutureTask.java:264)
	at java.base/java.util.concurrent.ThreadPoolExecutor.runWorker(ThreadPoolExecutor.java:1128)
	at java.base/java.util.concurrent.ThreadPoolExecutor$Worker.run(ThreadPoolExecutor.java:628)
	at java.base/java.lang.Thread.run(Thread.java:829)
	Suppressed: org.neo4j.driver.internal.util.ErrorUtil$InternalExceptionCause: null
		at org.neo4j.driver.internal.async.connection.ChannelConnectedListener.databaseUnavailableError(ChannelConnectedListener.java:76)
		at org.neo4j.driver.internal.async.connection.ChannelConnectedListener.operationComplete(ChannelConnectedListener.java:70)
		at org.neo4j.driver.internal.async.connection.ChannelConnectedListener.operationComplete(ChannelConnectedListener.java:37)
		at org.neo4j.driver.internal.shaded.io.netty.util.concurrent.DefaultPromise.notifyListener0(DefaultPromise.java:578)
		at org.neo4j.driver.internal.shaded.io.netty.util.concurrent.DefaultPromise.notifyListeners0(DefaultPromise.java:571)
		at org.neo4j.driver.internal.shaded.io.netty.util.concurrent.DefaultPromise.notifyListenersNow(DefaultPromise.java:550)
		at org.neo4j.driver.internal.shaded.io.netty.util.concurrent.DefaultPromise.notifyListeners(DefaultPromise.java:491)
		at org.neo4j.driver.internal.shaded.io.netty.util.concurrent.DefaultPromise.setValue0(DefaultPromise.java:616)
		at org.neo4j.driver.internal.shaded.io.netty.util.concurrent.DefaultPromise.setFailure0(DefaultPromise.java:609)
		at org.neo4j.driver.internal.shaded.io.netty.util.concurrent.DefaultPromise.tryFailure(DefaultPromise.java:117)
		at org.neo4j.driver.internal.shaded.io.netty.channel.nio.AbstractNioChannel$AbstractNioUnsafe.fulfillConnectPromise(AbstractNioChannel.java:321)
		at org.neo4j.driver.internal.shaded.io.netty.channel.nio.AbstractNioChannel$AbstractNioUnsafe.finishConnect(AbstractNioChannel.java:337)
		at org.neo4j.driver.internal.shaded.io.netty.channel.nio.NioEventLoop.processSelectedKey(NioEventLoop.java:710)
		at org.neo4j.driver.internal.shaded.io.netty.channel.nio.NioEventLoop.processSelectedKeysOptimized(NioEventLoop.java:658)
		at org.neo4j.driver.internal.shaded.io.netty.channel.nio.NioEventLoop.processSelectedKeys(NioEventLoop.java:584)
		at org.neo4j.driver.internal.shaded.io.netty.channel.nio.NioEventLoop.run(NioEventLoop.java:496)
		at org.neo4j.driver.internal.shaded.io.netty.util.concurrent.SingleThreadEventExecutor$4.run(SingleThreadEventExecutor.java:986)
		at org.neo4j.driver.internal.shaded.io.netty.util.internal.ThreadExecutorMap$2.run(ThreadExecutorMap.java:74)
		at org.neo4j.driver.internal.shaded.io.netty.util.concurrent.FastThreadLocalRunnable.run(FastThreadLocalRunnable.java:30)
		... 1 common frames omitted
Caused by: org.neo4j.driver.internal.shaded.io.netty.channel.AbstractChannel$AnnotatedConnectException: Connection refused: localhost/127.0.0.1:7687
Caused by: java.net.ConnectException: Connection refused
	at java.base/sun.nio.ch.SocketChannelImpl.checkConnect(Native Method)
	at java.base/sun.nio.ch.SocketChannelImpl.finishConnect(SocketChannelImpl.java:777)
	at org.neo4j.driver.internal.shaded.io.netty.channel.socket.nio.NioSocketChannel.doFinishConnect(NioSocketChannel.java:330)
	at org.neo4j.driver.internal.shaded.io.netty.channel.nio.AbstractNioChannel$AbstractNioUnsafe.finishConnect(AbstractNioChannel.java:334)
	at org.neo4j.driver.internal.shaded.io.netty.channel.nio.NioEventLoop.processSelectedKey(NioEventLoop.java:710)
	at org.neo4j.driver.internal.shaded.io.netty.channel.nio.NioEventLoop.processSelectedKeysOptimized(NioEventLoop.java:658)
	at org.neo4j.driver.internal.shaded.io.netty.channel.nio.NioEventLoop.processSelectedKeys(NioEventLoop.java:584)
	at org.neo4j.driver.internal.shaded.io.netty.channel.nio.NioEventLoop.run(NioEventLoop.java:496)
	at org.neo4j.driver.internal.shaded.io.netty.util.concurrent.SingleThreadEventExecutor$4.run(SingleThreadEventExecutor.java:986)
	at org.neo4j.driver.internal.shaded.io.netty.util.internal.ThreadExecutorMap$2.run(ThreadExecutorMap.java:74)
	at org.neo4j.driver.internal.shaded.io.netty.util.concurrent.FastThreadLocalRunnable.run(FastThreadLocalRunnable.java:30)
	at java.base/java.lang.Thread.run(Thread.java:829)
2022-03-24 21:08:55,656{GMT}	INFO	[jepsen worker 0] jepsen.util: 2	:invoke	:read	nil
2022-03-24 21:08:55,930{GMT}	INFO	[jepsen worker 0] jepsen.util: 2	:ok	:read	nil
2022-03-24 21:08:55,936{GMT}	INFO	[jepsen worker 0] jepsen.util: 2	:invoke	:read	nil
2022-03-24 21:08:55,949{GMT}	INFO	[jepsen worker 0] jepsen.util: 2	:ok	:read	nil
2022-03-24 21:08:55,952{GMT}	INFO	[jepsen test runner] jepsen.core: Run complete, writing
2022-03-24 21:08:55,976{GMT}	INFO	[jepsen test runner] jepsen.core: Analyzing...
2022-03-24 21:08:55,977{GMT}	INFO	[jepsen test runner] jepsen.core: Analysis complete
2022-03-24 21:08:55,978{GMT}	INFO	[jepsen results] jepsen.store: Wrote /home/d1m0000n/diploma_neo4j/jepsen.neo4j/store/neo4j/20220324T210845.000+0300/results.edn
2022-03-24 21:08:55,984{GMT}	INFO	[jepsen test runner] jepsen.core: Snarfing log files
2022-03-24 21:08:56,087{GMT}	INFO	[jepsen node 127.0.0.1] jepsen.core: downloading /opt/neo4j/logs/neo4j.log to neo4j.log
2022-03-24 21:08:56,202{GMT}	INFO	[jepsen node 127.0.0.1] jepsen.core: downloading /opt/neo4j/logs/debug.log to debug.log
2022-03-24 21:08:56,215{GMT}	INFO	[jepsen test runner] jepsen.core: Snarfing log files
2022-03-24 21:08:56,317{GMT}	INFO	[jepsen node 127.0.0.1] jepsen.core: downloading /opt/neo4j/logs/neo4j.log to neo4j.log
2022-03-24 21:08:56,427{GMT}	INFO	[jepsen node 127.0.0.1] jepsen.core: downloading /opt/neo4j/logs/debug.log to debug.log
2022-03-24 21:08:56,440{GMT}	INFO	[jepsen node 127.0.0.1] jepsen.neo4j: 127.0.0.1 tearing down neo4j
2022-03-24 21:08:56,441{GMT}	INFO	[jepsen node 127.0.0.1] jepsen.control.util: Stopping /opt/neo4j/bin/neo4j
2022-03-24 21:09:00,763{GMT}	INFO	[jepsen test runner] jepsen.core: {:valid? true}


Everything looks good! ヽ(‘ー`)ノ
