2022-03-24 19:49:48,529{GMT}	INFO	[jepsen test runner] jepsen.core: Command line:
lein run test --node 127.0.0.1 --password Dem0nnet33dem0nN
2022-03-24 19:49:48,574{GMT}	INFO	[jepsen test runner] jepsen.core: Running test:
{:remote #jepsen.control.SSHRemote{:session nil}
 :concurrency 1
 :db
 #object[jepsen.neo4j$db$reify__5099
         "0x5eabcf77"
         "jepsen.neo4j$db$reify__5099@5eabcf77"]
 :leave-db-running? false
 :name "neo4j"
 :logging-json? false
 :start-time
 #object[org.joda.time.DateTime "0x35ec3604" "2022-03-24T19:49:48.000+03:00"]
 :net
 #object[jepsen.net$reify__9085 "0xab5954d" "jepsen.net$reify__9085@ab5954d"]
 :client
 #object[jepsen.client$reify__8924
         "0x466f7259"
         "jepsen.client$reify__8924@466f7259"]
 :barrier
 #object[java.util.concurrent.CyclicBarrier
         "0x13482361"
         "java.util.concurrent.CyclicBarrier@13482361"]
 :pure-generators true
 :ssh
 {:dummy? false,
  :username "root",
  :password "Dem0nnet33dem0nN",
  :strict-host-key-checking false,
  :private-key-path nil}
 :checker
 #object[jepsen.checker$unbridled_optimism$reify__8609
         "0x47c06b1a"
         "jepsen.checker$unbridled_optimism$reify__8609@47c06b1a"]
 :argv ("test" "--node" "127.0.0.1" "--password" "Dem0nnet33dem0nN")
 :nemesis
 #object[jepsen.nemesis$reify__9186
         "0x61799152"
         "jepsen.nemesis$reify__9186@61799152"]
 :active-histories
 #object[clojure.lang.Atom "0x673a702a" {:status :ready, :val #{}}]
 :nodes ["127.0.0.1"]
 :test-count 1
 :generator nil
 :os
 #object[jepsen.os.ubuntu.Ubuntu
         "0x64a0ee65"
         "jepsen.os.ubuntu.Ubuntu@64a0ee65"]
 :time-limit 60}

2022-03-24 19:49:48,947{GMT}	INFO	[jepsen node 127.0.0.1] jepsen.os.ubuntu: 127.0.0.1 setting up ubuntu
2022-03-24 19:49:49,761{GMT}	INFO	[jepsen test runner] jepsen.db: Tearing down DB
2022-03-24 19:49:49,763{GMT}	INFO	[jepsen node 127.0.0.1] jepsen.neo4j: 127.0.0.1 tearing down neo4j
2022-03-24 19:49:49,767{GMT}	INFO	[jepsen test runner] jepsen.db: Setting up DB
2022-03-24 19:49:49,768{GMT}	INFO	[jepsen node 127.0.0.1] jepsen.neo4j: 127.0.0.1 installing neo4j 3.5.4
2022-03-24 19:50:02,103{GMT}	INFO	[jepsen test runner] jepsen.core: Relative time begins now
2022-03-24 19:50:02,137{GMT}	INFO	[jepsen test runner] jepsen.core: Run complete, writing
2022-03-24 19:50:02,158{GMT}	INFO	[jepsen test runner] jepsen.core: Analyzing...
2022-03-24 19:50:02,158{GMT}	INFO	[jepsen test runner] jepsen.core: Analysis complete
2022-03-24 19:50:02,160{GMT}	INFO	[jepsen results] jepsen.store: Wrote /home/d1m0000n/diploma_neo4j/jepsen.neo4j/store/neo4j/20220324T194948.000+0300/results.edn
2022-03-24 19:50:02,161{GMT}	INFO	[jepsen test runner] jepsen.core: Snarfing log files
2022-03-24 19:50:02,267{GMT}	INFO	[jepsen node 127.0.0.1] jepsen.core: downloading /opt/neo4j/logs/neo4j.log to opt/neo4j/logs/neo4j.log
2022-03-24 19:50:02,395{GMT}	INFO	[jepsen test runner] jepsen.core: Snarfing log files
2022-03-24 19:50:02,498{GMT}	INFO	[jepsen node 127.0.0.1] jepsen.core: downloading /opt/neo4j/logs/neo4j.log to opt/neo4j/logs/neo4j.log
2022-03-24 19:50:02,619{GMT}	INFO	[jepsen node 127.0.0.1] jepsen.neo4j: 127.0.0.1 tearing down neo4j
2022-03-24 19:50:02,635{GMT}	INFO	[jepsen test runner] jepsen.core: {:valid? true}


Everything looks good! ヽ(‘ー`)ノ
