2022-03-24 22:59:38,769{GMT}	INFO	[jepsen test runner] jepsen.core: Command line:
lein run test --node 127.0.0.1 --password Dem0nnet33dem0nN
2022-03-24 22:59:38,837{GMT}	INFO	[jepsen test runner] jepsen.core: Running test:
{:remote #jepsen.control.SSHRemote{:session nil}
 :concurrency 1
 :db
 #object[jepsen.neo4j$db$reify__5096
         "0x1aa7d66e"
         "jepsen.neo4j$db$reify__5096@1aa7d66e"]
 :leave-db-running? false
 :name "neo4j"
 :logging-json? false
 :start-time
 #object[org.joda.time.DateTime "0x7e93e396" "2022-03-24T22:59:38.000+03:00"]
 :net
 #object[jepsen.net$reify__9085 "0xf1e8753" "jepsen.net$reify__9085@f1e8753"]
 :client #jepsen.neo4j.Client{:conn nil}
 :barrier
 #object[java.util.concurrent.CyclicBarrier
         "0x1676e501"
         "java.util.concurrent.CyclicBarrier@1676e501"]
 :pure-generators true
 :ssh
 {:dummy? false,
  :username "root",
  :password "Dem0nnet33dem0nN",
  :strict-host-key-checking false,
  :private-key-path nil}
 :checker
 #object[jepsen.checker$unbridled_optimism$reify__8609
         "0x1ed763aa"
         "jepsen.checker$unbridled_optimism$reify__8609@1ed763aa"]
 :argv ("test" "--node" "127.0.0.1" "--password" "Dem0nnet33dem0nN")
 :nemesis
 #object[jepsen.nemesis$reify__9186
         "0x7f39bcb5"
         "jepsen.nemesis$reify__9186@7f39bcb5"]
 :active-histories
 #object[clojure.lang.Atom "0x32180efb" {:status :ready, :val #{}}]
 :nodes ["127.0.0.1"]
 :test-count 1
 :generator
 (jepsen.generator.TimeLimit
  {:limit 5000000000,
   :cutoff nil,
   :gen (jepsen.generator.Any
         {:gens [(jepsen.generator.OnThreads {:f #{:nemesis}, :gen nil})
                 (jepsen.generator.OnThreads
                  {:f #object[clojure.core$complement$fn__5654
                              "0x6f999cf4"
                              "clojure.core$complement$fn__5654@6f999cf4"],
                   :gen (jepsen.generator.Stagger
                         {:dt 2000000000,
                          :next-time nil,
                          :gen (jepsen.generator.Mix
                                {:i 1,
                                 :gens [#object[jepsen.neo4j$r
                                                "0x7892635c"
                                                "jepsen.neo4j$r@7892635c"]
                                        #object[jepsen.neo4j$w
                                                "0x79c9a128"
                                                "jepsen.neo4j$w@79c9a128"]]})})})]})})
 :os
 #object[jepsen.os.ubuntu.Ubuntu
         "0x729a98e9"
         "jepsen.os.ubuntu.Ubuntu@729a98e9"]
 :time-limit 60}

2022-03-24 22:59:39,176{GMT}	INFO	[jepsen node 127.0.0.1] jepsen.os.ubuntu: 127.0.0.1 setting up ubuntu
2022-03-24 22:59:40,251{GMT}	INFO	[jepsen test runner] jepsen.db: Tearing down DB
2022-03-24 22:59:40,253{GMT}	INFO	[jepsen node 127.0.0.1] jepsen.neo4j: 127.0.0.1 tearing down neo4j
2022-03-24 22:59:40,254{GMT}	INFO	[jepsen node 127.0.0.1] jepsen.control.util: Stopping /opt/neo4j/bin/neo4j
2022-03-24 22:59:43,567{GMT}	INFO	[jepsen test runner] jepsen.db: Setting up DB
2022-03-24 22:59:43,569{GMT}	INFO	[jepsen node 127.0.0.1] jepsen.neo4j: 127.0.0.1 installing neo4j 3.5.4
2022-03-24 22:59:51,005{GMT}	INFO	[jepsen test runner] jepsen.core: Relative time begins now
2022-03-24 22:59:51,213{GMT}	INFO	[jepsen worker 0] jepsen.util: 0	:invoke	:write	1
2022-03-24 22:59:51,738{GMT}	INFO	[jepsen worker 0] jepsen.util: 0	:ok	:write	1
2022-03-24 22:59:51,866{GMT}	INFO	[jepsen worker 0] jepsen.util: 0	:invoke	:read	nil
2022-03-24 22:59:51,988{GMT}	INFO	[jepsen worker 0] jepsen.util: 0	:ok	:read	nil
2022-03-24 22:59:52,789{GMT}	INFO	[jepsen worker 0] jepsen.util: 0	:invoke	:read	nil
2022-03-24 22:59:52,802{GMT}	INFO	[jepsen worker 0] jepsen.util: 0	:ok	:read	nil
2022-03-24 22:59:54,740{GMT}	INFO	[jepsen worker 0] jepsen.util: 0	:invoke	:write	3
2022-03-24 22:59:54,760{GMT}	INFO	[jepsen worker 0] jepsen.util: 0	:ok	:write	3
2022-03-24 22:59:54,764{GMT}	INFO	[jepsen test runner] jepsen.core: Run complete, writing
2022-03-24 22:59:54,787{GMT}	INFO	[jepsen test runner] jepsen.core: Analyzing...
2022-03-24 22:59:54,789{GMT}	INFO	[jepsen test runner] jepsen.core: Analysis complete
2022-03-24 22:59:54,792{GMT}	INFO	[jepsen results] jepsen.store: Wrote /home/d1m0000n/diploma_neo4j/jepsen.neo4j/store/neo4j/20220324T225938.000+0300/results.edn
2022-03-24 22:59:54,794{GMT}	INFO	[jepsen test runner] jepsen.core: Snarfing log files
2022-03-24 22:59:54,898{GMT}	INFO	[jepsen node 127.0.0.1] jepsen.core: downloading /opt/neo4j/logs/neo4j.log to neo4j.log
2022-03-24 22:59:55,020{GMT}	INFO	[jepsen node 127.0.0.1] jepsen.core: downloading /opt/neo4j/logs/debug.log to debug.log
2022-03-24 22:59:55,040{GMT}	INFO	[jepsen test runner] jepsen.core: Snarfing log files
2022-03-24 22:59:55,142{GMT}	INFO	[jepsen node 127.0.0.1] jepsen.core: downloading /opt/neo4j/logs/neo4j.log to neo4j.log
2022-03-24 22:59:55,259{GMT}	INFO	[jepsen node 127.0.0.1] jepsen.core: downloading /opt/neo4j/logs/debug.log to debug.log
2022-03-24 22:59:55,278{GMT}	INFO	[jepsen node 127.0.0.1] jepsen.neo4j: 127.0.0.1 tearing down neo4j
2022-03-24 22:59:55,278{GMT}	INFO	[jepsen node 127.0.0.1] jepsen.control.util: Stopping /opt/neo4j/bin/neo4j
2022-03-24 22:59:59,599{GMT}	INFO	[jepsen test runner] jepsen.core: {:valid? true}


Everything looks good! ヽ(‘ー`)ノ
