2022-03-24 23:00:16,366{GMT}	INFO	[jepsen test runner] jepsen.core: Command line:
lein run test --node 127.0.0.1 --password Dem0nnet33dem0nN
2022-03-24 23:00:16,433{GMT}	INFO	[jepsen test runner] jepsen.core: Running test:
{:remote #jepsen.control.SSHRemote{:session nil}
 :concurrency 1
 :db
 #object[jepsen.neo4j$db$reify__5096
         "0x5cc85ffc"
         "jepsen.neo4j$db$reify__5096@5cc85ffc"]
 :leave-db-running? false
 :name "neo4j"
 :logging-json? false
 :start-time
 #object[org.joda.time.DateTime "0xf1e8753" "2022-03-24T23:00:16.000+03:00"]
 :net
 #object[jepsen.net$reify__9085 "0x1676e501" "jepsen.net$reify__9085@1676e501"]
 :client #jepsen.neo4j.Client{:conn nil}
 :barrier
 #object[java.util.concurrent.CyclicBarrier
         "0x1ed763aa"
         "java.util.concurrent.CyclicBarrier@1ed763aa"]
 :pure-generators true
 :ssh
 {:dummy? false,
  :username "root",
  :password "Dem0nnet33dem0nN",
  :strict-host-key-checking false,
  :private-key-path nil}
 :checker
 #object[jepsen.checker$unbridled_optimism$reify__8609
         "0x7f39bcb5"
         "jepsen.checker$unbridled_optimism$reify__8609@7f39bcb5"]
 :argv ("test" "--node" "127.0.0.1" "--password" "Dem0nnet33dem0nN")
 :nemesis
 #object[jepsen.nemesis$reify__9186
         "0x4e6881e"
         "jepsen.nemesis$reify__9186@4e6881e"]
 :active-histories
 #object[clojure.lang.Atom "0x20ed6de" {:status :ready, :val #{}}]
 :nodes ["127.0.0.1"]
 :test-count 1
 :generator
 (jepsen.generator.TimeLimit
  {:limit 15000000000,
   :cutoff nil,
   :gen (jepsen.generator.Any
         {:gens [(jepsen.generator.OnThreads {:f #{:nemesis}, :gen nil})
                 (jepsen.generator.OnThreads
                  {:f #object[clojure.core$complement$fn__5654
                              "0x7892635c"
                              "clojure.core$complement$fn__5654@7892635c"],
                   :gen (jepsen.generator.Stagger
                         {:dt 2000000000,
                          :next-time nil,
                          :gen (jepsen.generator.Mix
                                {:i 1,
                                 :gens [#object[jepsen.neo4j$r
                                                "0x79c9a128"
                                                "jepsen.neo4j$r@79c9a128"]
                                        #object[jepsen.neo4j$w
                                                "0x729a98e9"
                                                "jepsen.neo4j$w@729a98e9"]]})})})]})})
 :os
 #object[jepsen.os.ubuntu.Ubuntu
         "0x51c7d472"
         "jepsen.os.ubuntu.Ubuntu@51c7d472"]
 :time-limit 60}

2022-03-24 23:00:16,864{GMT}	INFO	[jepsen node 127.0.0.1] jepsen.os.ubuntu: 127.0.0.1 setting up ubuntu
2022-03-24 23:00:17,934{GMT}	INFO	[jepsen test runner] jepsen.db: Tearing down DB
2022-03-24 23:00:17,935{GMT}	INFO	[jepsen node 127.0.0.1] jepsen.neo4j: 127.0.0.1 tearing down neo4j
2022-03-24 23:00:17,936{GMT}	INFO	[jepsen node 127.0.0.1] jepsen.control.util: Stopping /opt/neo4j/bin/neo4j
2022-03-24 23:00:21,247{GMT}	INFO	[jepsen test runner] jepsen.db: Setting up DB
2022-03-24 23:00:21,250{GMT}	INFO	[jepsen node 127.0.0.1] jepsen.neo4j: 127.0.0.1 installing neo4j 3.5.4
2022-03-24 23:00:28,681{GMT}	INFO	[jepsen test runner] jepsen.core: Relative time begins now
2022-03-24 23:00:28,896{GMT}	INFO	[jepsen worker 0] jepsen.util: 0	:invoke	:write	2
2022-03-24 23:00:29,402{GMT}	INFO	[jepsen worker 0] jepsen.util: 0	:ok	:write	2
2022-03-24 23:00:30,550{GMT}	INFO	[jepsen worker 0] jepsen.util: 0	:invoke	:write	0
2022-03-24 23:00:30,573{GMT}	INFO	[jepsen worker 0] jepsen.util: 0	:ok	:write	0
2022-03-24 23:00:30,865{GMT}	INFO	[jepsen worker 0] jepsen.util: 0	:invoke	:read	nil
2022-03-24 23:00:30,981{GMT}	INFO	[jepsen worker 0] jepsen.util: 0	:ok	:read	nil
2022-03-24 23:00:32,680{GMT}	INFO	[jepsen worker 0] jepsen.util: 0	:invoke	:read	nil
2022-03-24 23:00:32,693{GMT}	INFO	[jepsen worker 0] jepsen.util: 0	:ok	:read	nil
2022-03-24 23:00:33,263{GMT}	INFO	[jepsen worker 0] jepsen.util: 0	:invoke	:write	2
2022-03-24 23:00:33,278{GMT}	INFO	[jepsen worker 0] jepsen.util: 0	:ok	:write	2
2022-03-24 23:00:33,923{GMT}	INFO	[jepsen worker 0] jepsen.util: 0	:invoke	:read	nil
2022-03-24 23:00:33,943{GMT}	INFO	[jepsen worker 0] jepsen.util: 0	:ok	:read	{:labels [], :id 2, :ref-id "biba", :props {}}
2022-03-24 23:00:34,795{GMT}	INFO	[jepsen worker 0] jepsen.util: 0	:invoke	:write	1
2022-03-24 23:00:34,816{GMT}	INFO	[jepsen worker 0] jepsen.util: 0	:ok	:write	1
2022-03-24 23:00:35,773{GMT}	INFO	[jepsen worker 0] jepsen.util: 0	:invoke	:read	nil
2022-03-24 23:00:35,785{GMT}	INFO	[jepsen worker 0] jepsen.util: 0	:ok	:read	{:labels [], :id 2, :ref-id "biba", :props {}}
2022-03-24 23:00:36,982{GMT}	INFO	[jepsen worker 0] jepsen.util: 0	:invoke	:write	4
2022-03-24 23:00:36,998{GMT}	INFO	[jepsen worker 0] jepsen.util: 0	:ok	:write	4
2022-03-24 23:00:37,798{GMT}	INFO	[jepsen worker 0] jepsen.util: 0	:invoke	:read	nil
2022-03-24 23:00:37,812{GMT}	INFO	[jepsen worker 0] jepsen.util: 0	:ok	:read	{:labels [], :id 2, :ref-id "biba", :props {}}
2022-03-24 23:00:39,454{GMT}	INFO	[jepsen worker 0] jepsen.util: 0	:invoke	:write	3
2022-03-24 23:00:39,475{GMT}	INFO	[jepsen worker 0] jepsen.util: 0	:ok	:write	3
2022-03-24 23:00:41,088{GMT}	INFO	[jepsen worker 0] jepsen.util: 0	:invoke	:read	nil
2022-03-24 23:00:41,096{GMT}	INFO	[jepsen worker 0] jepsen.util: 0	:ok	:read	{:labels [], :id 2, :ref-id "biba", :props {}}
2022-03-24 23:00:41,097{GMT}	INFO	[jepsen worker 0] jepsen.util: 0	:invoke	:read	nil
2022-03-24 23:00:41,103{GMT}	INFO	[jepsen worker 0] jepsen.util: 0	:ok	:read	{:labels [], :id 2, :ref-id "biba", :props {}}
2022-03-24 23:00:42,785{GMT}	INFO	[jepsen worker 0] jepsen.util: 0	:invoke	:read	nil
2022-03-24 23:00:42,797{GMT}	INFO	[jepsen worker 0] jepsen.util: 0	:ok	:read	{:labels [], :id 2, :ref-id "biba", :props {}}
2022-03-24 23:00:43,104{GMT}	INFO	[jepsen worker 0] jepsen.util: 0	:invoke	:read	nil
2022-03-24 23:00:43,119{GMT}	INFO	[jepsen worker 0] jepsen.util: 0	:ok	:read	{:labels [], :id 2, :ref-id "biba", :props {}}
2022-03-24 23:00:43,744{GMT}	INFO	[jepsen worker 0] jepsen.util: 0	:invoke	:read	nil
2022-03-24 23:00:43,759{GMT}	INFO	[jepsen worker 0] jepsen.util: 0	:ok	:read	{:labels [], :id 2, :ref-id "biba", :props {}}
2022-03-24 23:00:43,763{GMT}	INFO	[jepsen test runner] jepsen.core: Run complete, writing
2022-03-24 23:00:43,791{GMT}	INFO	[jepsen test runner] jepsen.core: Analyzing...
2022-03-24 23:00:43,792{GMT}	INFO	[jepsen test runner] jepsen.core: Analysis complete
2022-03-24 23:00:43,794{GMT}	INFO	[jepsen results] jepsen.store: Wrote /home/d1m0000n/diploma_neo4j/jepsen.neo4j/store/neo4j/20220324T230016.000+0300/results.edn
2022-03-24 23:00:43,796{GMT}	INFO	[jepsen test runner] jepsen.core: Snarfing log files
2022-03-24 23:00:43,900{GMT}	INFO	[jepsen node 127.0.0.1] jepsen.core: downloading /opt/neo4j/logs/neo4j.log to neo4j.log
2022-03-24 23:00:44,022{GMT}	INFO	[jepsen node 127.0.0.1] jepsen.core: downloading /opt/neo4j/logs/debug.log to debug.log
2022-03-24 23:00:44,039{GMT}	INFO	[jepsen test runner] jepsen.core: Snarfing log files
2022-03-24 23:00:44,142{GMT}	INFO	[jepsen node 127.0.0.1] jepsen.core: downloading /opt/neo4j/logs/neo4j.log to neo4j.log
2022-03-24 23:00:44,259{GMT}	INFO	[jepsen node 127.0.0.1] jepsen.core: downloading /opt/neo4j/logs/debug.log to debug.log
2022-03-24 23:00:44,277{GMT}	INFO	[jepsen node 127.0.0.1] jepsen.neo4j: 127.0.0.1 tearing down neo4j
2022-03-24 23:00:44,277{GMT}	INFO	[jepsen node 127.0.0.1] jepsen.control.util: Stopping /opt/neo4j/bin/neo4j
2022-03-24 23:00:48,598{GMT}	INFO	[jepsen test runner] jepsen.core: {:valid? true}


Everything looks good! ヽ(‘ー`)ノ
