2022-03-24 20:44:45,762{GMT}	INFO	[jepsen test runner] jepsen.core: Command line:
lein run test --node 127.0.0.1 --password Dem0nnet33dem0nN
2022-03-24 20:44:45,810{GMT}	INFO	[jepsen test runner] jepsen.core: Running test:
{:remote #jepsen.control.SSHRemote{:session nil}
 :concurrency 1
 :db
 #object[jepsen.neo4j$db$reify__5096
         "0xa55b4f9"
         "jepsen.neo4j$db$reify__5096@a55b4f9"]
 :leave-db-running? false
 :name "neo4j"
 :logging-json? false
 :start-time
 #object[org.joda.time.DateTime "0x1f26bd62" "2022-03-24T20:44:45.000+03:00"]
 :net
 #object[jepsen.net$reify__9085 "0x61f18997" "jepsen.net$reify__9085@61f18997"]
 :client #jepsen.neo4j.Client{:conn nil}
 :barrier
 #object[java.util.concurrent.CyclicBarrier
         "0x55448710"
         "java.util.concurrent.CyclicBarrier@55448710"]
 :pure-generators true
 :ssh
 {:dummy? false,
  :username "root",
  :password "Dem0nnet33dem0nN",
  :strict-host-key-checking false,
  :private-key-path nil}
 :checker
 #object[jepsen.checker$unbridled_optimism$reify__8609
         "0x39240aa3"
         "jepsen.checker$unbridled_optimism$reify__8609@39240aa3"]
 :argv ("test" "--node" "127.0.0.1" "--password" "Dem0nnet33dem0nN")
 :nemesis
 #object[jepsen.nemesis$reify__9186
         "0x13c36d48"
         "jepsen.nemesis$reify__9186@13c36d48"]
 :active-histories
 #object[clojure.lang.Atom "0x1ed763aa" {:status :ready, :val #{}}]
 :nodes ["127.0.0.1"]
 :test-count 1
 :generator
 (jepsen.generator.TimeLimit
  {:limit 3000000000,
   :cutoff nil,
   :gen (jepsen.generator.Any
         {:gens [(jepsen.generator.OnThreads {:f #{:nemesis}, :gen nil})
                 (jepsen.generator.OnThreads
                  {:f #object[clojure.core$complement$fn__5654
                              "0x5e8359da"
                              "clojure.core$complement$fn__5654@5e8359da"],
                   :gen (jepsen.generator.Stagger
                         {:dt 2000000000,
                          :next-time nil,
                          :gen #object[jepsen.neo4j$r
                                       "0x36b6802f"
                                       "jepsen.neo4j$r@36b6802f"]})})]})})
 :os
 #object[jepsen.os.ubuntu.Ubuntu
         "0x7d2d5625"
         "jepsen.os.ubuntu.Ubuntu@7d2d5625"]
 :time-limit 60}

2022-03-24 20:44:46,141{GMT}	INFO	[jepsen node 127.0.0.1] jepsen.os.ubuntu: 127.0.0.1 setting up ubuntu
2022-03-24 20:44:47,212{GMT}	INFO	[jepsen test runner] jepsen.db: Tearing down DB
2022-03-24 20:44:47,214{GMT}	INFO	[jepsen node 127.0.0.1] jepsen.neo4j: 127.0.0.1 tearing down neo4j
2022-03-24 20:44:47,215{GMT}	INFO	[jepsen node 127.0.0.1] jepsen.control.util: Stopping /opt/neo4j/bin/neo4j
2022-03-24 20:44:57,529{GMT}	INFO	[jepsen test runner] jepsen.db: Setting up DB
2022-03-24 20:44:57,531{GMT}	INFO	[jepsen node 127.0.0.1] jepsen.neo4j: 127.0.0.1 installing neo4j 3.5.4
2022-03-24 20:45:09,866{GMT}	INFO	[jepsen test runner] jepsen.core: Relative time begins now
2022-03-24 20:45:10,082{GMT}	INFO	[jepsen worker 0] jepsen.util: 0	:invoke	:read	nil
2022-03-24 20:45:10,472{GMT}	WARN	[jepsen worker 0] jepsen.generator.interpreter: Process 0 crashed
org.neo4j.driver.exceptions.AuthenticationException: Unsupported authentication token, scheme 'none' is only allowed when auth is disabled.
	at org.neo4j.driver.internal.util.Futures.blockingGet(Futures.java:144)
	at org.neo4j.driver.internal.InternalSession.run(InternalSession.java:69)
	at org.neo4j.driver.internal.InternalSession.run(InternalSession.java:51)
	at org.neo4j.driver.internal.AbstractQueryRunner.run(AbstractQueryRunner.java:37)
	at neo4clj.java_interop$execute.invokeStatic(java_interop.clj:57)
	at neo4clj.java_interop$execute.invoke(java_interop.clj:52)
	at neo4clj.client$eval4859$fn__4860.invoke(client.clj:86)
	at clojure.lang.MultiFn.invoke(MultiFn.java:239)
	at neo4clj.client$eval4859$fn__4860.invoke(client.clj:83)
	at clojure.lang.MultiFn.invoke(MultiFn.java:234)
	at neo4clj.client$find_node.invokeStatic(client.clj:168)
	at neo4clj.client$find_node.invoke(client.clj:163)
	at jepsen.neo4j.Client.invoke_BANG_(neo4j.clj:79)
	at jepsen.client.Validate.invoke_BANG_(client.clj:83)
	at jepsen.generator.interpreter.ClientWorker.invoke_BANG_(interpreter.clj:62)
	at jepsen.generator.interpreter$spawn_worker$fn__9422$fn__9423.invoke(interpreter.clj:137)
	at jepsen.generator.interpreter$spawn_worker$fn__9422.invoke(interpreter.clj:120)
	at clojure.core$binding_conveyor_fn$fn__5739.invoke(core.clj:2030)
	at clojure.lang.AFn.call(AFn.java:18)
	at java.base/java.util.concurrent.FutureTask.run(FutureTask.java:264)
	at java.base/java.util.concurrent.ThreadPoolExecutor.runWorker(ThreadPoolExecutor.java:1128)
	at java.base/java.util.concurrent.ThreadPoolExecutor$Worker.run(ThreadPoolExecutor.java:628)
	at java.base/java.lang.Thread.run(Thread.java:829)
	Suppressed: org.neo4j.driver.exceptions.ServiceUnavailableException: Connection to the database terminated. Please ensure that your database is listening on the correct host and port and that you have compatible encryption settings both on Neo4j server and driver. Note that the default encryption setting has changed in Neo4j 4.0.
		at org.neo4j.driver.internal.util.ErrorUtil.newConnectionTerminatedError(ErrorUtil.java:56)
		at org.neo4j.driver.internal.util.ErrorUtil.newConnectionTerminatedError(ErrorUtil.java:49)
		at org.neo4j.driver.internal.async.inbound.ChannelErrorHandler.channelInactive(ChannelErrorHandler.java:74)
		at org.neo4j.driver.internal.shaded.io.netty.channel.AbstractChannelHandlerContext.invokeChannelInactive(AbstractChannelHandlerContext.java:262)
		at org.neo4j.driver.internal.shaded.io.netty.channel.AbstractChannelHandlerContext.invokeChannelInactive(AbstractChannelHandlerContext.java:248)
		at org.neo4j.driver.internal.shaded.io.netty.channel.AbstractChannelHandlerContext.fireChannelInactive(AbstractChannelHandlerContext.java:241)
		at org.neo4j.driver.internal.shaded.io.netty.handler.codec.ByteToMessageDecoder.channelInputClosed(ByteToMessageDecoder.java:392)
		at org.neo4j.driver.internal.shaded.io.netty.handler.codec.ByteToMessageDecoder.channelInactive(ByteToMessageDecoder.java:357)
		at org.neo4j.driver.internal.shaded.io.netty.channel.AbstractChannelHandlerContext.invokeChannelInactive(AbstractChannelHandlerContext.java:262)
		at org.neo4j.driver.internal.shaded.io.netty.channel.AbstractChannelHandlerContext.invokeChannelInactive(AbstractChannelHandlerContext.java:248)
		at org.neo4j.driver.internal.shaded.io.netty.channel.AbstractChannelHandlerContext.fireChannelInactive(AbstractChannelHandlerContext.java:241)
		at org.neo4j.driver.internal.shaded.io.netty.handler.codec.ByteToMessageDecoder.channelInputClosed(ByteToMessageDecoder.java:392)
		at org.neo4j.driver.internal.shaded.io.netty.handler.codec.ByteToMessageDecoder.channelInactive(ByteToMessageDecoder.java:357)
		at org.neo4j.driver.internal.shaded.io.netty.channel.AbstractChannelHandlerContext.invokeChannelInactive(AbstractChannelHandlerContext.java:262)
		at org.neo4j.driver.internal.shaded.io.netty.channel.AbstractChannelHandlerContext.invokeChannelInactive(AbstractChannelHandlerContext.java:248)
		at org.neo4j.driver.internal.shaded.io.netty.channel.AbstractChannelHandlerContext.fireChannelInactive(AbstractChannelHandlerContext.java:241)
		at org.neo4j.driver.internal.shaded.io.netty.channel.DefaultChannelPipeline$HeadContext.channelInactive(DefaultChannelPipeline.java:1405)
		at org.neo4j.driver.internal.shaded.io.netty.channel.AbstractChannelHandlerContext.invokeChannelInactive(AbstractChannelHandlerContext.java:262)
		at org.neo4j.driver.internal.shaded.io.netty.channel.AbstractChannelHandlerContext.invokeChannelInactive(AbstractChannelHandlerContext.java:248)
		at org.neo4j.driver.internal.shaded.io.netty.channel.DefaultChannelPipeline.fireChannelInactive(DefaultChannelPipeline.java:901)
		at org.neo4j.driver.internal.shaded.io.netty.channel.AbstractChannel$AbstractUnsafe$7.run(AbstractChannel.java:813)
		at org.neo4j.driver.internal.shaded.io.netty.util.concurrent.AbstractEventExecutor.safeExecute(AbstractEventExecutor.java:164)
		at org.neo4j.driver.internal.shaded.io.netty.util.concurrent.SingleThreadEventExecutor.runAllTasks(SingleThreadEventExecutor.java:469)
		at org.neo4j.driver.internal.shaded.io.netty.channel.nio.NioEventLoop.run(NioEventLoop.java:500)
		at org.neo4j.driver.internal.shaded.io.netty.util.concurrent.SingleThreadEventExecutor$4.run(SingleThreadEventExecutor.java:986)
		at org.neo4j.driver.internal.shaded.io.netty.util.internal.ThreadExecutorMap$2.run(ThreadExecutorMap.java:74)
		at org.neo4j.driver.internal.shaded.io.netty.util.concurrent.FastThreadLocalRunnable.run(FastThreadLocalRunnable.java:30)
		... 1 common frames omitted
	Suppressed: org.neo4j.driver.internal.util.ErrorUtil$InternalExceptionCause: null
		at org.neo4j.driver.internal.util.ErrorUtil.newNeo4jError(ErrorUtil.java:76)
		at org.neo4j.driver.internal.async.inbound.InboundMessageDispatcher.handleFailureMessage(InboundMessageDispatcher.java:122)
		at org.neo4j.driver.internal.messaging.common.CommonMessageReader.unpackFailureMessage(CommonMessageReader.java:83)
		at org.neo4j.driver.internal.messaging.common.CommonMessageReader.read(CommonMessageReader.java:59)
		at org.neo4j.driver.internal.async.inbound.InboundMessageHandler.channelRead0(InboundMessageHandler.java:83)
		at org.neo4j.driver.internal.async.inbound.InboundMessageHandler.channelRead0(InboundMessageHandler.java:35)
		at org.neo4j.driver.internal.shaded.io.netty.channel.SimpleChannelInboundHandler.channelRead(SimpleChannelInboundHandler.java:99)
		at org.neo4j.driver.internal.shaded.io.netty.channel.AbstractChannelHandlerContext.invokeChannelRead(AbstractChannelHandlerContext.java:379)
		at org.neo4j.driver.internal.shaded.io.netty.channel.AbstractChannelHandlerContext.invokeChannelRead(AbstractChannelHandlerContext.java:365)
		at org.neo4j.driver.internal.shaded.io.netty.channel.AbstractChannelHandlerContext.fireChannelRead(AbstractChannelHandlerContext.java:357)
		at org.neo4j.driver.internal.shaded.io.netty.handler.codec.ByteToMessageDecoder.fireChannelRead(ByteToMessageDecoder.java:327)
		at org.neo4j.driver.internal.shaded.io.netty.handler.codec.ByteToMessageDecoder.channelRead(ByteToMessageDecoder.java:299)
		at org.neo4j.driver.internal.async.inbound.MessageDecoder.channelRead(MessageDecoder.java:47)
		at org.neo4j.driver.internal.shaded.io.netty.channel.AbstractChannelHandlerContext.invokeChannelRead(AbstractChannelHandlerContext.java:379)
		at org.neo4j.driver.internal.shaded.io.netty.channel.AbstractChannelHandlerContext.invokeChannelRead(AbstractChannelHandlerContext.java:365)
		at org.neo4j.driver.internal.shaded.io.netty.channel.AbstractChannelHandlerContext.fireChannelRead(AbstractChannelHandlerContext.java:357)
		at org.neo4j.driver.internal.shaded.io.netty.handler.codec.ByteToMessageDecoder.fireChannelRead(ByteToMessageDecoder.java:327)
		at org.neo4j.driver.internal.shaded.io.netty.handler.codec.ByteToMessageDecoder.channelRead(ByteToMessageDecoder.java:299)
		at org.neo4j.driver.internal.shaded.io.netty.channel.AbstractChannelHandlerContext.invokeChannelRead(AbstractChannelHandlerContext.java:379)
		at org.neo4j.driver.internal.shaded.io.netty.channel.AbstractChannelHandlerContext.invokeChannelRead(AbstractChannelHandlerContext.java:365)
		at org.neo4j.driver.internal.shaded.io.netty.channel.AbstractChannelHandlerContext.fireChannelRead(AbstractChannelHandlerContext.java:357)
		at org.neo4j.driver.internal.shaded.io.netty.channel.DefaultChannelPipeline$HeadContext.channelRead(DefaultChannelPipeline.java:1410)
		at org.neo4j.driver.internal.shaded.io.netty.channel.AbstractChannelHandlerContext.invokeChannelRead(AbstractChannelHandlerContext.java:379)
		at org.neo4j.driver.internal.shaded.io.netty.channel.AbstractChannelHandlerContext.invokeChannelRead(AbstractChannelHandlerContext.java:365)
		at org.neo4j.driver.internal.shaded.io.netty.channel.DefaultChannelPipeline.fireChannelRead(DefaultChannelPipeline.java:919)
		at org.neo4j.driver.internal.shaded.io.netty.channel.nio.AbstractNioByteChannel$NioByteUnsafe.read(AbstractNioByteChannel.java:166)
		at org.neo4j.driver.internal.shaded.io.netty.channel.nio.NioEventLoop.processSelectedKey(NioEventLoop.java:722)
		at org.neo4j.driver.internal.shaded.io.netty.channel.nio.NioEventLoop.processSelectedKeysOptimized(NioEventLoop.java:658)
		at org.neo4j.driver.internal.shaded.io.netty.channel.nio.NioEventLoop.processSelectedKeys(NioEventLoop.java:584)
		at org.neo4j.driver.internal.shaded.io.netty.channel.nio.NioEventLoop.run(NioEventLoop.java:496)
		at org.neo4j.driver.internal.shaded.io.netty.util.concurrent.SingleThreadEventExecutor$4.run(SingleThreadEventExecutor.java:986)
		at org.neo4j.driver.internal.shaded.io.netty.util.internal.ThreadExecutorMap$2.run(ThreadExecutorMap.java:74)
		at org.neo4j.driver.internal.shaded.io.netty.util.concurrent.FastThreadLocalRunnable.run(FastThreadLocalRunnable.java:30)
		... 1 common frames omitted
2022-03-24 20:45:11,008{GMT}	INFO	[jepsen worker 0] jepsen.util: 1	:invoke	:read	nil
2022-03-24 20:45:11,059{GMT}	WARN	[jepsen worker 0] jepsen.generator.interpreter: Process 1 crashed
org.neo4j.driver.exceptions.AuthenticationException: Unsupported authentication token, scheme 'none' is only allowed when auth is disabled.
	at org.neo4j.driver.internal.util.Futures.blockingGet(Futures.java:144)
	at org.neo4j.driver.internal.InternalSession.run(InternalSession.java:69)
	at org.neo4j.driver.internal.InternalSession.run(InternalSession.java:51)
	at org.neo4j.driver.internal.AbstractQueryRunner.run(AbstractQueryRunner.java:37)
	at neo4clj.java_interop$execute.invokeStatic(java_interop.clj:57)
	at neo4clj.java_interop$execute.invoke(java_interop.clj:52)
	at neo4clj.client$eval4859$fn__4860.invoke(client.clj:86)
	at clojure.lang.MultiFn.invoke(MultiFn.java:239)
	at neo4clj.client$eval4859$fn__4860.invoke(client.clj:83)
	at clojure.lang.MultiFn.invoke(MultiFn.java:234)
	at neo4clj.client$find_node.invokeStatic(client.clj:168)
	at neo4clj.client$find_node.invoke(client.clj:163)
	at jepsen.neo4j.Client.invoke_BANG_(neo4j.clj:79)
	at jepsen.client.Validate.invoke_BANG_(client.clj:83)
	at jepsen.generator.interpreter.ClientWorker.invoke_BANG_(interpreter.clj:62)
	at jepsen.generator.interpreter$spawn_worker$fn__9422$fn__9423.invoke(interpreter.clj:137)
	at jepsen.generator.interpreter$spawn_worker$fn__9422.invoke(interpreter.clj:120)
	at clojure.core$binding_conveyor_fn$fn__5739.invoke(core.clj:2030)
	at clojure.lang.AFn.call(AFn.java:18)
	at java.base/java.util.concurrent.FutureTask.run(FutureTask.java:264)
	at java.base/java.util.concurrent.ThreadPoolExecutor.runWorker(ThreadPoolExecutor.java:1128)
	at java.base/java.util.concurrent.ThreadPoolExecutor$Worker.run(ThreadPoolExecutor.java:628)
	at java.base/java.lang.Thread.run(Thread.java:829)
	Suppressed: org.neo4j.driver.exceptions.ServiceUnavailableException: Connection to the database terminated. Please ensure that your database is listening on the correct host and port and that you have compatible encryption settings both on Neo4j server and driver. Note that the default encryption setting has changed in Neo4j 4.0.
		at org.neo4j.driver.internal.util.ErrorUtil.newConnectionTerminatedError(ErrorUtil.java:56)
		at org.neo4j.driver.internal.util.ErrorUtil.newConnectionTerminatedError(ErrorUtil.java:49)
		at org.neo4j.driver.internal.async.inbound.ChannelErrorHandler.channelInactive(ChannelErrorHandler.java:74)
		at org.neo4j.driver.internal.shaded.io.netty.channel.AbstractChannelHandlerContext.invokeChannelInactive(AbstractChannelHandlerContext.java:262)
		at org.neo4j.driver.internal.shaded.io.netty.channel.AbstractChannelHandlerContext.invokeChannelInactive(AbstractChannelHandlerContext.java:248)
		at org.neo4j.driver.internal.shaded.io.netty.channel.AbstractChannelHandlerContext.fireChannelInactive(AbstractChannelHandlerContext.java:241)
		at org.neo4j.driver.internal.shaded.io.netty.handler.codec.ByteToMessageDecoder.channelInputClosed(ByteToMessageDecoder.java:392)
		at org.neo4j.driver.internal.shaded.io.netty.handler.codec.ByteToMessageDecoder.channelInactive(ByteToMessageDecoder.java:357)
		at org.neo4j.driver.internal.shaded.io.netty.channel.AbstractChannelHandlerContext.invokeChannelInactive(AbstractChannelHandlerContext.java:262)
		at org.neo4j.driver.internal.shaded.io.netty.channel.AbstractChannelHandlerContext.invokeChannelInactive(AbstractChannelHandlerContext.java:248)
		at org.neo4j.driver.internal.shaded.io.netty.channel.AbstractChannelHandlerContext.fireChannelInactive(AbstractChannelHandlerContext.java:241)
		at org.neo4j.driver.internal.shaded.io.netty.handler.codec.ByteToMessageDecoder.channelInputClosed(ByteToMessageDecoder.java:392)
		at org.neo4j.driver.internal.shaded.io.netty.handler.codec.ByteToMessageDecoder.channelInactive(ByteToMessageDecoder.java:357)
		at org.neo4j.driver.internal.shaded.io.netty.channel.AbstractChannelHandlerContext.invokeChannelInactive(AbstractChannelHandlerContext.java:262)
		at org.neo4j.driver.internal.shaded.io.netty.channel.AbstractChannelHandlerContext.invokeChannelInactive(AbstractChannelHandlerContext.java:248)
		at org.neo4j.driver.internal.shaded.io.netty.channel.AbstractChannelHandlerContext.fireChannelInactive(AbstractChannelHandlerContext.java:241)
		at org.neo4j.driver.internal.shaded.io.netty.channel.DefaultChannelPipeline$HeadContext.channelInactive(DefaultChannelPipeline.java:1405)
		at org.neo4j.driver.internal.shaded.io.netty.channel.AbstractChannelHandlerContext.invokeChannelInactive(AbstractChannelHandlerContext.java:262)
		at org.neo4j.driver.internal.shaded.io.netty.channel.AbstractChannelHandlerContext.invokeChannelInactive(AbstractChannelHandlerContext.java:248)
		at org.neo4j.driver.internal.shaded.io.netty.channel.DefaultChannelPipeline.fireChannelInactive(DefaultChannelPipeline.java:901)
		at org.neo4j.driver.internal.shaded.io.netty.channel.AbstractChannel$AbstractUnsafe$7.run(AbstractChannel.java:813)
		at org.neo4j.driver.internal.shaded.io.netty.util.concurrent.AbstractEventExecutor.safeExecute(AbstractEventExecutor.java:164)
		at org.neo4j.driver.internal.shaded.io.netty.util.concurrent.SingleThreadEventExecutor.runAllTasks(SingleThreadEventExecutor.java:469)
		at org.neo4j.driver.internal.shaded.io.netty.channel.nio.NioEventLoop.run(NioEventLoop.java:500)
		at org.neo4j.driver.internal.shaded.io.netty.util.concurrent.SingleThreadEventExecutor$4.run(SingleThreadEventExecutor.java:986)
		at org.neo4j.driver.internal.shaded.io.netty.util.internal.ThreadExecutorMap$2.run(ThreadExecutorMap.java:74)
		at org.neo4j.driver.internal.shaded.io.netty.util.concurrent.FastThreadLocalRunnable.run(FastThreadLocalRunnable.java:30)
		... 1 common frames omitted
	Suppressed: org.neo4j.driver.internal.util.ErrorUtil$InternalExceptionCause: null
		at org.neo4j.driver.internal.util.ErrorUtil.newNeo4jError(ErrorUtil.java:76)
		at org.neo4j.driver.internal.async.inbound.InboundMessageDispatcher.handleFailureMessage(InboundMessageDispatcher.java:122)
		at org.neo4j.driver.internal.messaging.common.CommonMessageReader.unpackFailureMessage(CommonMessageReader.java:83)
		at org.neo4j.driver.internal.messaging.common.CommonMessageReader.read(CommonMessageReader.java:59)
		at org.neo4j.driver.internal.async.inbound.InboundMessageHandler.channelRead0(InboundMessageHandler.java:83)
		at org.neo4j.driver.internal.async.inbound.InboundMessageHandler.channelRead0(InboundMessageHandler.java:35)
		at org.neo4j.driver.internal.shaded.io.netty.channel.SimpleChannelInboundHandler.channelRead(SimpleChannelInboundHandler.java:99)
		at org.neo4j.driver.internal.shaded.io.netty.channel.AbstractChannelHandlerContext.invokeChannelRead(AbstractChannelHandlerContext.java:379)
		at org.neo4j.driver.internal.shaded.io.netty.channel.AbstractChannelHandlerContext.invokeChannelRead(AbstractChannelHandlerContext.java:365)
		at org.neo4j.driver.internal.shaded.io.netty.channel.AbstractChannelHandlerContext.fireChannelRead(AbstractChannelHandlerContext.java:357)
		at org.neo4j.driver.internal.shaded.io.netty.handler.codec.ByteToMessageDecoder.fireChannelRead(ByteToMessageDecoder.java:327)
		at org.neo4j.driver.internal.shaded.io.netty.handler.codec.ByteToMessageDecoder.channelRead(ByteToMessageDecoder.java:299)
		at org.neo4j.driver.internal.async.inbound.MessageDecoder.channelRead(MessageDecoder.java:47)
		at org.neo4j.driver.internal.shaded.io.netty.channel.AbstractChannelHandlerContext.invokeChannelRead(AbstractChannelHandlerContext.java:379)
		at org.neo4j.driver.internal.shaded.io.netty.channel.AbstractChannelHandlerContext.invokeChannelRead(AbstractChannelHandlerContext.java:365)
		at org.neo4j.driver.internal.shaded.io.netty.channel.AbstractChannelHandlerContext.fireChannelRead(AbstractChannelHandlerContext.java:357)
		at org.neo4j.driver.internal.shaded.io.netty.handler.codec.ByteToMessageDecoder.fireChannelRead(ByteToMessageDecoder.java:327)
		at org.neo4j.driver.internal.shaded.io.netty.handler.codec.ByteToMessageDecoder.channelRead(ByteToMessageDecoder.java:299)
		at org.neo4j.driver.internal.shaded.io.netty.channel.AbstractChannelHandlerContext.invokeChannelRead(AbstractChannelHandlerContext.java:379)
		at org.neo4j.driver.internal.shaded.io.netty.channel.AbstractChannelHandlerContext.invokeChannelRead(AbstractChannelHandlerContext.java:365)
		at org.neo4j.driver.internal.shaded.io.netty.channel.AbstractChannelHandlerContext.fireChannelRead(AbstractChannelHandlerContext.java:357)
		at org.neo4j.driver.internal.shaded.io.netty.channel.DefaultChannelPipeline$HeadContext.channelRead(DefaultChannelPipeline.java:1410)
		at org.neo4j.driver.internal.shaded.io.netty.channel.AbstractChannelHandlerContext.invokeChannelRead(AbstractChannelHandlerContext.java:379)
		at org.neo4j.driver.internal.shaded.io.netty.channel.AbstractChannelHandlerContext.invokeChannelRead(AbstractChannelHandlerContext.java:365)
		at org.neo4j.driver.internal.shaded.io.netty.channel.DefaultChannelPipeline.fireChannelRead(DefaultChannelPipeline.java:919)
		at org.neo4j.driver.internal.shaded.io.netty.channel.nio.AbstractNioByteChannel$NioByteUnsafe.read(AbstractNioByteChannel.java:166)
		at org.neo4j.driver.internal.shaded.io.netty.channel.nio.NioEventLoop.processSelectedKey(NioEventLoop.java:722)
		at org.neo4j.driver.internal.shaded.io.netty.channel.nio.NioEventLoop.processSelectedKeysOptimized(NioEventLoop.java:658)
		at org.neo4j.driver.internal.shaded.io.netty.channel.nio.NioEventLoop.processSelectedKeys(NioEventLoop.java:584)
		at org.neo4j.driver.internal.shaded.io.netty.channel.nio.NioEventLoop.run(NioEventLoop.java:496)
		at org.neo4j.driver.internal.shaded.io.netty.util.concurrent.SingleThreadEventExecutor$4.run(SingleThreadEventExecutor.java:986)
		at org.neo4j.driver.internal.shaded.io.netty.util.internal.ThreadExecutorMap$2.run(ThreadExecutorMap.java:74)
		at org.neo4j.driver.internal.shaded.io.netty.util.concurrent.FastThreadLocalRunnable.run(FastThreadLocalRunnable.java:30)
		... 1 common frames omitted
2022-03-24 20:45:12,604{GMT}	INFO	[jepsen worker 0] jepsen.util: 2	:invoke	:read	nil
2022-03-24 20:45:12,644{GMT}	WARN	[jepsen worker 0] jepsen.generator.interpreter: Process 2 crashed
org.neo4j.driver.exceptions.AuthenticationException: Unsupported authentication token, scheme 'none' is only allowed when auth is disabled.
	at org.neo4j.driver.internal.util.Futures.blockingGet(Futures.java:144)
	at org.neo4j.driver.internal.InternalSession.run(InternalSession.java:69)
	at org.neo4j.driver.internal.InternalSession.run(InternalSession.java:51)
	at org.neo4j.driver.internal.AbstractQueryRunner.run(AbstractQueryRunner.java:37)
	at neo4clj.java_interop$execute.invokeStatic(java_interop.clj:57)
	at neo4clj.java_interop$execute.invoke(java_interop.clj:52)
	at neo4clj.client$eval4859$fn__4860.invoke(client.clj:86)
	at clojure.lang.MultiFn.invoke(MultiFn.java:239)
	at neo4clj.client$eval4859$fn__4860.invoke(client.clj:83)
	at clojure.lang.MultiFn.invoke(MultiFn.java:234)
	at neo4clj.client$find_node.invokeStatic(client.clj:168)
	at neo4clj.client$find_node.invoke(client.clj:163)
	at jepsen.neo4j.Client.invoke_BANG_(neo4j.clj:79)
	at jepsen.client.Validate.invoke_BANG_(client.clj:83)
	at jepsen.generator.interpreter.ClientWorker.invoke_BANG_(interpreter.clj:62)
	at jepsen.generator.interpreter$spawn_worker$fn__9422$fn__9423.invoke(interpreter.clj:137)
	at jepsen.generator.interpreter$spawn_worker$fn__9422.invoke(interpreter.clj:120)
	at clojure.core$binding_conveyor_fn$fn__5739.invoke(core.clj:2030)
	at clojure.lang.AFn.call(AFn.java:18)
	at java.base/java.util.concurrent.FutureTask.run(FutureTask.java:264)
	at java.base/java.util.concurrent.ThreadPoolExecutor.runWorker(ThreadPoolExecutor.java:1128)
	at java.base/java.util.concurrent.ThreadPoolExecutor$Worker.run(ThreadPoolExecutor.java:628)
	at java.base/java.lang.Thread.run(Thread.java:829)
	Suppressed: org.neo4j.driver.exceptions.ServiceUnavailableException: Connection to the database terminated. Please ensure that your database is listening on the correct host and port and that you have compatible encryption settings both on Neo4j server and driver. Note that the default encryption setting has changed in Neo4j 4.0.
		at org.neo4j.driver.internal.util.ErrorUtil.newConnectionTerminatedError(ErrorUtil.java:56)
		at org.neo4j.driver.internal.util.ErrorUtil.newConnectionTerminatedError(ErrorUtil.java:49)
		at org.neo4j.driver.internal.async.inbound.ChannelErrorHandler.channelInactive(ChannelErrorHandler.java:74)
		at org.neo4j.driver.internal.shaded.io.netty.channel.AbstractChannelHandlerContext.invokeChannelInactive(AbstractChannelHandlerContext.java:262)
		at org.neo4j.driver.internal.shaded.io.netty.channel.AbstractChannelHandlerContext.invokeChannelInactive(AbstractChannelHandlerContext.java:248)
		at org.neo4j.driver.internal.shaded.io.netty.channel.AbstractChannelHandlerContext.fireChannelInactive(AbstractChannelHandlerContext.java:241)
		at org.neo4j.driver.internal.shaded.io.netty.handler.codec.ByteToMessageDecoder.channelInputClosed(ByteToMessageDecoder.java:392)
		at org.neo4j.driver.internal.shaded.io.netty.handler.codec.ByteToMessageDecoder.channelInactive(ByteToMessageDecoder.java:357)
		at org.neo4j.driver.internal.shaded.io.netty.channel.AbstractChannelHandlerContext.invokeChannelInactive(AbstractChannelHandlerContext.java:262)
		at org.neo4j.driver.internal.shaded.io.netty.channel.AbstractChannelHandlerContext.invokeChannelInactive(AbstractChannelHandlerContext.java:248)
		at org.neo4j.driver.internal.shaded.io.netty.channel.AbstractChannelHandlerContext.fireChannelInactive(AbstractChannelHandlerContext.java:241)
		at org.neo4j.driver.internal.shaded.io.netty.handler.codec.ByteToMessageDecoder.channelInputClosed(ByteToMessageDecoder.java:392)
		at org.neo4j.driver.internal.shaded.io.netty.handler.codec.ByteToMessageDecoder.channelInactive(ByteToMessageDecoder.java:357)
		at org.neo4j.driver.internal.shaded.io.netty.channel.AbstractChannelHandlerContext.invokeChannelInactive(AbstractChannelHandlerContext.java:262)
		at org.neo4j.driver.internal.shaded.io.netty.channel.AbstractChannelHandlerContext.invokeChannelInactive(AbstractChannelHandlerContext.java:248)
		at org.neo4j.driver.internal.shaded.io.netty.channel.AbstractChannelHandlerContext.fireChannelInactive(AbstractChannelHandlerContext.java:241)
		at org.neo4j.driver.internal.shaded.io.netty.channel.DefaultChannelPipeline$HeadContext.channelInactive(DefaultChannelPipeline.java:1405)
		at org.neo4j.driver.internal.shaded.io.netty.channel.AbstractChannelHandlerContext.invokeChannelInactive(AbstractChannelHandlerContext.java:262)
		at org.neo4j.driver.internal.shaded.io.netty.channel.AbstractChannelHandlerContext.invokeChannelInactive(AbstractChannelHandlerContext.java:248)
		at org.neo4j.driver.internal.shaded.io.netty.channel.DefaultChannelPipeline.fireChannelInactive(DefaultChannelPipeline.java:901)
		at org.neo4j.driver.internal.shaded.io.netty.channel.AbstractChannel$AbstractUnsafe$7.run(AbstractChannel.java:813)
		at org.neo4j.driver.internal.shaded.io.netty.util.concurrent.AbstractEventExecutor.safeExecute(AbstractEventExecutor.java:164)
		at org.neo4j.driver.internal.shaded.io.netty.util.concurrent.SingleThreadEventExecutor.runAllTasks(SingleThreadEventExecutor.java:469)
		at org.neo4j.driver.internal.shaded.io.netty.channel.nio.NioEventLoop.run(NioEventLoop.java:500)
		at org.neo4j.driver.internal.shaded.io.netty.util.concurrent.SingleThreadEventExecutor$4.run(SingleThreadEventExecutor.java:986)
		at org.neo4j.driver.internal.shaded.io.netty.util.internal.ThreadExecutorMap$2.run(ThreadExecutorMap.java:74)
		at org.neo4j.driver.internal.shaded.io.netty.util.concurrent.FastThreadLocalRunnable.run(FastThreadLocalRunnable.java:30)
		... 1 common frames omitted
	Suppressed: org.neo4j.driver.internal.util.ErrorUtil$InternalExceptionCause: null
		at org.neo4j.driver.internal.util.ErrorUtil.newNeo4jError(ErrorUtil.java:76)
		at org.neo4j.driver.internal.async.inbound.InboundMessageDispatcher.handleFailureMessage(InboundMessageDispatcher.java:122)
		at org.neo4j.driver.internal.messaging.common.CommonMessageReader.unpackFailureMessage(CommonMessageReader.java:83)
		at org.neo4j.driver.internal.messaging.common.CommonMessageReader.read(CommonMessageReader.java:59)
		at org.neo4j.driver.internal.async.inbound.InboundMessageHandler.channelRead0(InboundMessageHandler.java:83)
		at org.neo4j.driver.internal.async.inbound.InboundMessageHandler.channelRead0(InboundMessageHandler.java:35)
		at org.neo4j.driver.internal.shaded.io.netty.channel.SimpleChannelInboundHandler.channelRead(SimpleChannelInboundHandler.java:99)
		at org.neo4j.driver.internal.shaded.io.netty.channel.AbstractChannelHandlerContext.invokeChannelRead(AbstractChannelHandlerContext.java:379)
		at org.neo4j.driver.internal.shaded.io.netty.channel.AbstractChannelHandlerContext.invokeChannelRead(AbstractChannelHandlerContext.java:365)
		at org.neo4j.driver.internal.shaded.io.netty.channel.AbstractChannelHandlerContext.fireChannelRead(AbstractChannelHandlerContext.java:357)
		at org.neo4j.driver.internal.shaded.io.netty.handler.codec.ByteToMessageDecoder.fireChannelRead(ByteToMessageDecoder.java:327)
		at org.neo4j.driver.internal.shaded.io.netty.handler.codec.ByteToMessageDecoder.channelRead(ByteToMessageDecoder.java:299)
		at org.neo4j.driver.internal.async.inbound.MessageDecoder.channelRead(MessageDecoder.java:47)
		at org.neo4j.driver.internal.shaded.io.netty.channel.AbstractChannelHandlerContext.invokeChannelRead(AbstractChannelHandlerContext.java:379)
		at org.neo4j.driver.internal.shaded.io.netty.channel.AbstractChannelHandlerContext.invokeChannelRead(AbstractChannelHandlerContext.java:365)
		at org.neo4j.driver.internal.shaded.io.netty.channel.AbstractChannelHandlerContext.fireChannelRead(AbstractChannelHandlerContext.java:357)
		at org.neo4j.driver.internal.shaded.io.netty.handler.codec.ByteToMessageDecoder.fireChannelRead(ByteToMessageDecoder.java:327)
		at org.neo4j.driver.internal.shaded.io.netty.handler.codec.ByteToMessageDecoder.channelRead(ByteToMessageDecoder.java:299)
		at org.neo4j.driver.internal.shaded.io.netty.channel.AbstractChannelHandlerContext.invokeChannelRead(AbstractChannelHandlerContext.java:379)
		at org.neo4j.driver.internal.shaded.io.netty.channel.AbstractChannelHandlerContext.invokeChannelRead(AbstractChannelHandlerContext.java:365)
		at org.neo4j.driver.internal.shaded.io.netty.channel.AbstractChannelHandlerContext.fireChannelRead(AbstractChannelHandlerContext.java:357)
		at org.neo4j.driver.internal.shaded.io.netty.channel.DefaultChannelPipeline$HeadContext.channelRead(DefaultChannelPipeline.java:1410)
		at org.neo4j.driver.internal.shaded.io.netty.channel.AbstractChannelHandlerContext.invokeChannelRead(AbstractChannelHandlerContext.java:379)
		at org.neo4j.driver.internal.shaded.io.netty.channel.AbstractChannelHandlerContext.invokeChannelRead(AbstractChannelHandlerContext.java:365)
		at org.neo4j.driver.internal.shaded.io.netty.channel.DefaultChannelPipeline.fireChannelRead(DefaultChannelPipeline.java:919)
		at org.neo4j.driver.internal.shaded.io.netty.channel.nio.AbstractNioByteChannel$NioByteUnsafe.read(AbstractNioByteChannel.java:166)
		at org.neo4j.driver.internal.shaded.io.netty.channel.nio.NioEventLoop.processSelectedKey(NioEventLoop.java:722)
		at org.neo4j.driver.internal.shaded.io.netty.channel.nio.NioEventLoop.processSelectedKeysOptimized(NioEventLoop.java:658)
		at org.neo4j.driver.internal.shaded.io.netty.channel.nio.NioEventLoop.processSelectedKeys(NioEventLoop.java:584)
		at org.neo4j.driver.internal.shaded.io.netty.channel.nio.NioEventLoop.run(NioEventLoop.java:496)
		at org.neo4j.driver.internal.shaded.io.netty.util.concurrent.SingleThreadEventExecutor$4.run(SingleThreadEventExecutor.java:986)
		at org.neo4j.driver.internal.shaded.io.netty.util.internal.ThreadExecutorMap$2.run(ThreadExecutorMap.java:74)
		at org.neo4j.driver.internal.shaded.io.netty.util.concurrent.FastThreadLocalRunnable.run(FastThreadLocalRunnable.java:30)
		... 1 common frames omitted
2022-03-24 20:45:12,647{GMT}	INFO	[jepsen test runner] jepsen.core: Run complete, writing
2022-03-24 20:45:12,671{GMT}	INFO	[jepsen test runner] jepsen.core: Analyzing...
2022-03-24 20:45:12,672{GMT}	INFO	[jepsen test runner] jepsen.core: Analysis complete
2022-03-24 20:45:12,674{GMT}	INFO	[jepsen results] jepsen.store: Wrote /home/d1m0000n/diploma_neo4j/jepsen.neo4j/store/neo4j/20220324T204445.000+0300/results.edn
2022-03-24 20:45:12,678{GMT}	INFO	[jepsen test runner] jepsen.core: Snarfing log files
2022-03-24 20:45:12,784{GMT}	INFO	[jepsen node 127.0.0.1] jepsen.core: downloading /opt/neo4j/logs/neo4j.log to neo4j.log
2022-03-24 20:45:12,903{GMT}	INFO	[jepsen node 127.0.0.1] jepsen.core: downloading /opt/neo4j/logs/debug.log to debug.log
2022-03-24 20:45:12,918{GMT}	INFO	[jepsen test runner] jepsen.core: Snarfing log files
2022-03-24 20:45:13,020{GMT}	INFO	[jepsen node 127.0.0.1] jepsen.core: downloading /opt/neo4j/logs/neo4j.log to neo4j.log
2022-03-24 20:45:13,139{GMT}	INFO	[jepsen node 127.0.0.1] jepsen.core: downloading /opt/neo4j/logs/debug.log to debug.log
2022-03-24 20:45:13,155{GMT}	INFO	[jepsen node 127.0.0.1] jepsen.neo4j: 127.0.0.1 tearing down neo4j
2022-03-24 20:45:13,156{GMT}	INFO	[jepsen node 127.0.0.1] jepsen.control.util: Stopping /opt/neo4j/bin/neo4j
2022-03-24 20:45:24,481{GMT}	INFO	[jepsen test runner] jepsen.core: {:valid? true}


Everything looks good! ヽ(‘ー`)ノ
