2022-03-24 20:02:30,619{GMT}	INFO	[jepsen test runner] jepsen.core: Command line:
lein run test --node 127.0.0.1 --password Dem0nnet33dem0nN
2022-03-24 20:02:30,663{GMT}	INFO	[jepsen test runner] jepsen.core: Running test:
{:remote #jepsen.control.SSHRemote{:session nil}
 :concurrency 1
 :db
 #object[jepsen.neo4j$db$reify__5099
         "0xf1e5f85"
         "jepsen.neo4j$db$reify__5099@f1e5f85"]
 :leave-db-running? false
 :name "neo4j"
 :logging-json? false
 :start-time
 #object[org.joda.time.DateTime "0x47c06b1a" "2022-03-24T20:02:30.000+03:00"]
 :net
 #object[jepsen.net$reify__9085 "0x61799152" "jepsen.net$reify__9085@61799152"]
 :client
 #object[jepsen.client$reify__8924
         "0x5c39da9e"
         "jepsen.client$reify__8924@5c39da9e"]
 :barrier
 #object[java.util.concurrent.CyclicBarrier
         "0xe38b953"
         "java.util.concurrent.CyclicBarrier@e38b953"]
 :pure-generators true
 :ssh
 {:dummy? false,
  :username "root",
  :password "Dem0nnet33dem0nN",
  :strict-host-key-checking false,
  :private-key-path nil}
 :checker
 #object[jepsen.checker$unbridled_optimism$reify__8609
         "0x4a648b35"
         "jepsen.checker$unbridled_optimism$reify__8609@4a648b35"]
 :argv ("test" "--node" "127.0.0.1" "--password" "Dem0nnet33dem0nN")
 :nemesis
 #object[jepsen.nemesis$reify__9186
         "0x673a702a"
         "jepsen.nemesis$reify__9186@673a702a"]
 :active-histories
 #object[clojure.lang.Atom "0x64a0ee65" {:status :ready, :val #{}}]
 :nodes ["127.0.0.1"]
 :test-count 1
 :generator nil
 :os
 #object[jepsen.os.ubuntu.Ubuntu
         "0x293dd4b3"
         "jepsen.os.ubuntu.Ubuntu@293dd4b3"]
 :time-limit 60}

2022-03-24 20:02:31,009{GMT}	INFO	[jepsen node 127.0.0.1] jepsen.os.ubuntu: 127.0.0.1 setting up ubuntu
2022-03-24 20:02:32,084{GMT}	INFO	[jepsen test runner] jepsen.db: Tearing down DB
2022-03-24 20:02:32,086{GMT}	INFO	[jepsen node 127.0.0.1] jepsen.neo4j: 127.0.0.1 tearing down neo4j
2022-03-24 20:02:32,192{GMT}	INFO	[jepsen test runner] jepsen.core: Snarfing log files
2022-03-24 20:02:32,407{GMT}	INFO	[jepsen node 127.0.0.1] jepsen.neo4j: 127.0.0.1 tearing down neo4j
2022-03-24 20:02:32,527{GMT}	WARN	[main] jepsen.core: Test crashed!
clojure.lang.ExceptionInfo: Command exited with non-zero status 127 on node 127.0.0.1:
cd /; /opt/neo4j/bin/neo4j stop

STDIN:
null

STDOUT:


STDERR:
bash: /opt/neo4j/bin/neo4j: No such file or directory

	at slingshot.support$stack_trace.invoke(support.clj:201)
	at jepsen.control$throw_on_nonzero_exit.invokeStatic(control.clj:150)
	at jepsen.control$throw_on_nonzero_exit.invoke(control.clj:145)
	at jepsen.control$exec_STAR_.invokeStatic(control.clj:194)
	at jepsen.control$exec_STAR_.doInvoke(control.clj:191)
	at clojure.lang.RestFn.applyTo(RestFn.java:137)
	at clojure.core$apply.invokeStatic(core.clj:665)
	at clojure.core$apply.invoke(core.clj:660)
	at jepsen.control$exec.invokeStatic(control.clj:210)
	at jepsen.control$exec.doInvoke(control.clj:204)
	at clojure.lang.RestFn.invoke(RestFn.java:421)
	at jepsen.neo4j$db$reify__5099.teardown_BANG_(neo4j.clj:68)
	at jepsen.db$fn__3273$G__3269__3277.invoke(db.clj:11)
	at jepsen.db$fn__3273$G__3268__3282.invoke(db.clj:11)
	at clojure.core$partial$fn__5824.invoke(core.clj:2625)
	at jepsen.control$on_nodes$fn__3161.invoke(control.clj:430)
	at clojure.lang.AFn.applyToHelper(AFn.java:154)
	at clojure.lang.AFn.applyTo(AFn.java:144)
	at clojure.core$apply.invokeStatic(core.clj:665)
	at clojure.core$with_bindings_STAR_.invokeStatic(core.clj:1973)
	at clojure.core$with_bindings_STAR_.doInvoke(core.clj:1973)
	at clojure.lang.RestFn.applyTo(RestFn.java:142)
	at clojure.core$apply.invokeStatic(core.clj:669)
	at clojure.core$bound_fn_STAR_$fn__5734.doInvoke(core.clj:2003)
	at clojure.lang.RestFn.invoke(RestFn.java:408)
	at dom_top.core$real_pmap_helper$build_thread__213$fn__214.invoke(core.clj:146)
	at clojure.lang.AFn.applyToHelper(AFn.java:152)
	at clojure.lang.AFn.applyTo(AFn.java:144)
	at clojure.core$apply.invokeStatic(core.clj:665)
	at clojure.core$with_bindings_STAR_.invokeStatic(core.clj:1973)
	at clojure.core$with_bindings_STAR_.doInvoke(core.clj:1973)
	at clojure.lang.RestFn.invoke(RestFn.java:425)
	at clojure.lang.AFn.applyToHelper(AFn.java:156)
	at clojure.lang.RestFn.applyTo(RestFn.java:132)
	at clojure.core$apply.invokeStatic(core.clj:669)
	at clojure.core$bound_fn_STAR_$fn__5734.doInvoke(core.clj:2003)
	at clojure.lang.RestFn.invoke(RestFn.java:397)
	at clojure.lang.AFn.run(AFn.java:22)
	at java.base/java.lang.Thread.run(Thread.java:829)
