2022-03-24 22:38:45,871{GMT}	INFO	[jepsen test runner] jepsen.core: Command line:
lein run test --node 127.0.0.1 --password Dem0nnet33dem0nN
2022-03-24 22:38:45,944{GMT}	INFO	[jepsen test runner] jepsen.core: Running test:
{:remote #jepsen.control.SSHRemote{:session nil}
 :concurrency 1
 :db
 #object[jepsen.neo4j$db$reify__5096
         "0x1aa7d66e"
         "jepsen.neo4j$db$reify__5096@1aa7d66e"]
 :leave-db-running? false
 :name "neo4j"
 :logging-json? false
 :start-time
 #object[org.joda.time.DateTime "0x7e93e396" "2022-03-24T22:38:45.000+03:00"]
 :net
 #object[jepsen.net$reify__9085 "0xf1e8753" "jepsen.net$reify__9085@f1e8753"]
 :client #jepsen.neo4j.Client{:conn nil}
 :barrier
 #object[java.util.concurrent.CyclicBarrier
         "0x1676e501"
         "java.util.concurrent.CyclicBarrier@1676e501"]
 :pure-generators true
 :ssh
 {:dummy? false,
  :username "root",
  :password "Dem0nnet33dem0nN",
  :strict-host-key-checking false,
  :private-key-path nil}
 :checker
 #object[jepsen.checker$unbridled_optimism$reify__8609
         "0x1ed763aa"
         "jepsen.checker$unbridled_optimism$reify__8609@1ed763aa"]
 :argv ("test" "--node" "127.0.0.1" "--password" "Dem0nnet33dem0nN")
 :nemesis
 #object[jepsen.nemesis$reify__9186
         "0x7f39bcb5"
         "jepsen.nemesis$reify__9186@7f39bcb5"]
 :active-histories
 #object[clojure.lang.Atom "0x32180efb" {:status :ready, :val #{}}]
 :nodes ["127.0.0.1"]
 :test-count 1
 :generator
 (jepsen.generator.TimeLimit
  {:limit 2000000000,
   :cutoff nil,
   :gen (jepsen.generator.Any
         {:gens [(jepsen.generator.OnThreads {:f #{:nemesis}, :gen nil})
                 (jepsen.generator.OnThreads
                  {:f #object[clojure.core$complement$fn__5654
                              "0x6f999cf4"
                              "clojure.core$complement$fn__5654@6f999cf4"],
                   :gen (jepsen.generator.Stagger
                         {:dt 2000000000,
                          :next-time nil,
                          :gen (jepsen.generator.Mix
                                {:i 0,
                                 :gens [#object[jepsen.neo4j$r
                                                "0x7892635c"
                                                "jepsen.neo4j$r@7892635c"]
                                        #object[jepsen.neo4j$w
                                                "0x79c9a128"
                                                "jepsen.neo4j$w@79c9a128"]]})})})]})})
 :os
 #object[jepsen.os.ubuntu.Ubuntu
         "0x729a98e9"
         "jepsen.os.ubuntu.Ubuntu@729a98e9"]
 :time-limit 60}

2022-03-24 22:38:46,278{GMT}	INFO	[jepsen node 127.0.0.1] jepsen.os.ubuntu: 127.0.0.1 setting up ubuntu
2022-03-24 22:38:47,357{GMT}	INFO	[jepsen test runner] jepsen.db: Tearing down DB
2022-03-24 22:38:47,359{GMT}	INFO	[jepsen node 127.0.0.1] jepsen.neo4j: 127.0.0.1 tearing down neo4j
2022-03-24 22:38:47,360{GMT}	INFO	[jepsen node 127.0.0.1] jepsen.control.util: Stopping /opt/neo4j/bin/neo4j
2022-03-24 22:38:50,674{GMT}	INFO	[jepsen test runner] jepsen.db: Setting up DB
2022-03-24 22:38:50,676{GMT}	INFO	[jepsen node 127.0.0.1] jepsen.neo4j: 127.0.0.1 installing neo4j 3.5.4
2022-03-24 22:38:58,111{GMT}	INFO	[jepsen test runner] jepsen.core: Relative time begins now
2022-03-24 22:38:58,336{GMT}	INFO	[jepsen worker 0] jepsen.util: 0	:invoke	:read	nil
2022-03-24 22:38:58,729{GMT}	WARN	[jepsen worker 0] jepsen.generator.interpreter: Process 0 crashed
org.neo4j.driver.exceptions.ClientException: Invalid input '2': expected whitespace, a variable, node labels, a property map, ')' or org$neo4j$cypher$internal$v3_5$parser$Patterns$$PatternElement (line 1, column 8 (offset: 7))
"MATCH (2) RETURN 2 LIMIT 1"
        ^
	at org.neo4j.driver.internal.util.Futures.blockingGet(Futures.java:144)
	at org.neo4j.driver.internal.InternalSession.run(InternalSession.java:69)
	at org.neo4j.driver.internal.InternalSession.run(InternalSession.java:51)
	at org.neo4j.driver.internal.AbstractQueryRunner.run(AbstractQueryRunner.java:37)
	at neo4clj.java_interop$execute.invokeStatic(java_interop.clj:57)
	at neo4clj.java_interop$execute.invoke(java_interop.clj:52)
	at neo4clj.client$eval4859$fn__4860.invoke(client.clj:86)
	at clojure.lang.MultiFn.invoke(MultiFn.java:239)
	at neo4clj.client$eval4859$fn__4860.invoke(client.clj:83)
	at clojure.lang.MultiFn.invoke(MultiFn.java:234)
	at neo4clj.client$find_node.invokeStatic(client.clj:168)
	at neo4clj.client$find_node.invoke(client.clj:163)
	at jepsen.neo4j.Client.invoke_BANG_(neo4j.clj:81)
	at jepsen.client.Validate.invoke_BANG_(client.clj:83)
	at jepsen.generator.interpreter.ClientWorker.invoke_BANG_(interpreter.clj:62)
	at jepsen.generator.interpreter$spawn_worker$fn__9422$fn__9423.invoke(interpreter.clj:137)
	at jepsen.generator.interpreter$spawn_worker$fn__9422.invoke(interpreter.clj:120)
	at clojure.core$binding_conveyor_fn$fn__5739.invoke(core.clj:2030)
	at clojure.lang.AFn.call(AFn.java:18)
	at java.base/java.util.concurrent.FutureTask.run(FutureTask.java:264)
	at java.base/java.util.concurrent.ThreadPoolExecutor.runWorker(ThreadPoolExecutor.java:1128)
	at java.base/java.util.concurrent.ThreadPoolExecutor$Worker.run(ThreadPoolExecutor.java:628)
	at java.base/java.lang.Thread.run(Thread.java:829)
	Suppressed: org.neo4j.driver.internal.util.ErrorUtil$InternalExceptionCause: null
		at org.neo4j.driver.internal.util.ErrorUtil.newNeo4jError(ErrorUtil.java:99)
		at org.neo4j.driver.internal.async.inbound.InboundMessageDispatcher.handleFailureMessage(InboundMessageDispatcher.java:122)
		at org.neo4j.driver.internal.messaging.common.CommonMessageReader.unpackFailureMessage(CommonMessageReader.java:83)
		at org.neo4j.driver.internal.messaging.common.CommonMessageReader.read(CommonMessageReader.java:59)
		at org.neo4j.driver.internal.async.inbound.InboundMessageHandler.channelRead0(InboundMessageHandler.java:83)
		at org.neo4j.driver.internal.async.inbound.InboundMessageHandler.channelRead0(InboundMessageHandler.java:35)
		at org.neo4j.driver.internal.shaded.io.netty.channel.SimpleChannelInboundHandler.channelRead(SimpleChannelInboundHandler.java:99)
		at org.neo4j.driver.internal.shaded.io.netty.channel.AbstractChannelHandlerContext.invokeChannelRead(AbstractChannelHandlerContext.java:379)
		at org.neo4j.driver.internal.shaded.io.netty.channel.AbstractChannelHandlerContext.invokeChannelRead(AbstractChannelHandlerContext.java:365)
		at org.neo4j.driver.internal.shaded.io.netty.channel.AbstractChannelHandlerContext.fireChannelRead(AbstractChannelHandlerContext.java:357)
		at org.neo4j.driver.internal.shaded.io.netty.handler.codec.ByteToMessageDecoder.fireChannelRead(ByteToMessageDecoder.java:327)
		at org.neo4j.driver.internal.shaded.io.netty.handler.codec.ByteToMessageDecoder.channelRead(ByteToMessageDecoder.java:299)
		at org.neo4j.driver.internal.async.inbound.MessageDecoder.channelRead(MessageDecoder.java:47)
		at org.neo4j.driver.internal.shaded.io.netty.channel.AbstractChannelHandlerContext.invokeChannelRead(AbstractChannelHandlerContext.java:379)
		at org.neo4j.driver.internal.shaded.io.netty.channel.AbstractChannelHandlerContext.invokeChannelRead(AbstractChannelHandlerContext.java:365)
		at org.neo4j.driver.internal.shaded.io.netty.channel.AbstractChannelHandlerContext.fireChannelRead(AbstractChannelHandlerContext.java:357)
		at org.neo4j.driver.internal.shaded.io.netty.handler.codec.ByteToMessageDecoder.fireChannelRead(ByteToMessageDecoder.java:327)
		at org.neo4j.driver.internal.shaded.io.netty.handler.codec.ByteToMessageDecoder.fireChannelRead(ByteToMessageDecoder.java:314)
		at org.neo4j.driver.internal.shaded.io.netty.handler.codec.ByteToMessageDecoder.callDecode(ByteToMessageDecoder.java:435)
		at org.neo4j.driver.internal.shaded.io.netty.handler.codec.ByteToMessageDecoder.channelRead(ByteToMessageDecoder.java:279)
		at org.neo4j.driver.internal.shaded.io.netty.channel.AbstractChannelHandlerContext.invokeChannelRead(AbstractChannelHandlerContext.java:379)
		at org.neo4j.driver.internal.shaded.io.netty.channel.AbstractChannelHandlerContext.invokeChannelRead(AbstractChannelHandlerContext.java:365)
		at org.neo4j.driver.internal.shaded.io.netty.channel.AbstractChannelHandlerContext.fireChannelRead(AbstractChannelHandlerContext.java:357)
		at org.neo4j.driver.internal.shaded.io.netty.channel.DefaultChannelPipeline$HeadContext.channelRead(DefaultChannelPipeline.java:1410)
		at org.neo4j.driver.internal.shaded.io.netty.channel.AbstractChannelHandlerContext.invokeChannelRead(AbstractChannelHandlerContext.java:379)
		at org.neo4j.driver.internal.shaded.io.netty.channel.AbstractChannelHandlerContext.invokeChannelRead(AbstractChannelHandlerContext.java:365)
		at org.neo4j.driver.internal.shaded.io.netty.channel.DefaultChannelPipeline.fireChannelRead(DefaultChannelPipeline.java:919)
		at org.neo4j.driver.internal.shaded.io.netty.channel.nio.AbstractNioByteChannel$NioByteUnsafe.read(AbstractNioByteChannel.java:166)
		at org.neo4j.driver.internal.shaded.io.netty.channel.nio.NioEventLoop.processSelectedKey(NioEventLoop.java:722)
		at org.neo4j.driver.internal.shaded.io.netty.channel.nio.NioEventLoop.processSelectedKeysOptimized(NioEventLoop.java:658)
		at org.neo4j.driver.internal.shaded.io.netty.channel.nio.NioEventLoop.processSelectedKeys(NioEventLoop.java:584)
		at org.neo4j.driver.internal.shaded.io.netty.channel.nio.NioEventLoop.run(NioEventLoop.java:496)
		at org.neo4j.driver.internal.shaded.io.netty.util.concurrent.SingleThreadEventExecutor$4.run(SingleThreadEventExecutor.java:986)
		at org.neo4j.driver.internal.shaded.io.netty.util.internal.ThreadExecutorMap$2.run(ThreadExecutorMap.java:74)
		at org.neo4j.driver.internal.shaded.io.netty.util.concurrent.FastThreadLocalRunnable.run(FastThreadLocalRunnable.java:30)
		... 1 common frames omitted
2022-03-24 22:38:59,291{GMT}	INFO	[jepsen worker 0] jepsen.util: 1	:invoke	:write	"3"
2022-03-24 22:38:59,295{GMT}	WARN	[jepsen worker 0] jepsen.generator.interpreter: Process 1 crashed
clojure.lang.ArityException: Wrong number of args (3) passed to: neo4clj.client/create-node!
	at clojure.lang.AFn.throwArity(AFn.java:429)
	at clojure.lang.AFn.invoke(AFn.java:40)
	at jepsen.neo4j.Client.invoke_BANG_(neo4j.clj:82)
	at jepsen.client.Validate.invoke_BANG_(client.clj:83)
	at jepsen.generator.interpreter.ClientWorker.invoke_BANG_(interpreter.clj:62)
	at jepsen.generator.interpreter$spawn_worker$fn__9422$fn__9423.invoke(interpreter.clj:137)
	at jepsen.generator.interpreter$spawn_worker$fn__9422.invoke(interpreter.clj:120)
	at clojure.core$binding_conveyor_fn$fn__5739.invoke(core.clj:2030)
	at clojure.lang.AFn.call(AFn.java:18)
	at java.base/java.util.concurrent.FutureTask.run(FutureTask.java:264)
	at java.base/java.util.concurrent.ThreadPoolExecutor.runWorker(ThreadPoolExecutor.java:1128)
	at java.base/java.util.concurrent.ThreadPoolExecutor$Worker.run(ThreadPoolExecutor.java:628)
	at java.base/java.lang.Thread.run(Thread.java:829)
2022-03-24 22:38:59,298{GMT}	INFO	[jepsen test runner] jepsen.core: Run complete, writing
2022-03-24 22:38:59,321{GMT}	INFO	[jepsen test runner] jepsen.core: Analyzing...
2022-03-24 22:38:59,323{GMT}	INFO	[jepsen test runner] jepsen.core: Analysis complete
2022-03-24 22:38:59,325{GMT}	INFO	[jepsen results] jepsen.store: Wrote /home/d1m0000n/diploma_neo4j/jepsen.neo4j/store/neo4j/20220324T223845.000+0300/results.edn
2022-03-24 22:38:59,329{GMT}	INFO	[jepsen test runner] jepsen.core: Snarfing log files
2022-03-24 22:38:59,433{GMT}	INFO	[jepsen node 127.0.0.1] jepsen.core: downloading /opt/neo4j/logs/neo4j.log to neo4j.log
2022-03-24 22:38:59,549{GMT}	INFO	[jepsen node 127.0.0.1] jepsen.core: downloading /opt/neo4j/logs/debug.log to debug.log
2022-03-24 22:38:59,560{GMT}	INFO	[jepsen test runner] jepsen.core: Snarfing log files
2022-03-24 22:38:59,662{GMT}	INFO	[jepsen node 127.0.0.1] jepsen.core: downloading /opt/neo4j/logs/neo4j.log to neo4j.log
2022-03-24 22:38:59,771{GMT}	INFO	[jepsen node 127.0.0.1] jepsen.core: downloading /opt/neo4j/logs/debug.log to debug.log
2022-03-24 22:38:59,789{GMT}	INFO	[jepsen node 127.0.0.1] jepsen.neo4j: 127.0.0.1 tearing down neo4j
2022-03-24 22:38:59,790{GMT}	INFO	[jepsen node 127.0.0.1] jepsen.control.util: Stopping /opt/neo4j/bin/neo4j
2022-03-24 22:39:04,113{GMT}	INFO	[jepsen test runner] jepsen.core: {:valid? true}


Everything looks good! ヽ(‘ー`)ノ
