2022-03-24 20:31:01,174{GMT}	INFO	[jepsen test runner] jepsen.core: Command line:
lein run test --node 127.0.0.1 --password Dem0nnet33dem0nN
2022-03-24 20:31:01,225{GMT}	INFO	[jepsen test runner] jepsen.core: Running test:
{:remote #jepsen.control.SSHRemote{:session nil}
 :concurrency 1
 :db
 #object[jepsen.neo4j$db$reify__5099
         "0x4a3e1b5d"
         "jepsen.neo4j$db$reify__5099@4a3e1b5d"]
 :leave-db-running? false
 :name "neo4j"
 :logging-json? false
 :start-time
 #object[org.joda.time.DateTime "0x20ed6de" "2022-03-24T20:31:01.000+03:00"]
 :net
 #object[jepsen.net$reify__9085 "0x6ea0dfaa" "jepsen.net$reify__9085@6ea0dfaa"]
 :client #jepsen.neo4j.Client{:conn nil}
 :barrier
 #object[java.util.concurrent.CyclicBarrier
         "0x5852605c"
         "java.util.concurrent.CyclicBarrier@5852605c"]
 :pure-generators true
 :ssh
 {:dummy? false,
  :username "root",
  :password "Dem0nnet33dem0nN",
  :strict-host-key-checking false,
  :private-key-path nil}
 :checker
 #object[jepsen.checker$unbridled_optimism$reify__8609
         "0x2acfd27b"
         "jepsen.checker$unbridled_optimism$reify__8609@2acfd27b"]
 :argv ("test" "--node" "127.0.0.1" "--password" "Dem0nnet33dem0nN")
 :nemesis
 #object[jepsen.nemesis$reify__9186
         "0x5e8359da"
         "jepsen.nemesis$reify__9186@5e8359da"]
 :active-histories
 #object[clojure.lang.Atom "0x6dacde96" {:status :ready, :val #{}}]
 :nodes ["127.0.0.1"]
 :test-count 1
 :generator
 (jepsen.generator.TimeLimit
  {:limit 3000000000,
   :cutoff nil,
   :gen (jepsen.generator.Any
         {:gens [(jepsen.generator.OnThreads {:f #{:nemesis}, :gen nil})
                 (jepsen.generator.OnThreads
                  {:f #object[clojure.core$complement$fn__5654
                              "0x5b3427c4"
                              "clojure.core$complement$fn__5654@5b3427c4"],
                   :gen (jepsen.generator.Stagger
                         {:dt 2000000000,
                          :next-time nil,
                          :gen #object[jepsen.neo4j$r
                                       "0x5275d709"
                                       "jepsen.neo4j$r@5275d709"]})})]})})
 :os
 #object[jepsen.os.ubuntu.Ubuntu
         "0x21523e1b"
         "jepsen.os.ubuntu.Ubuntu@21523e1b"]
 :time-limit 60}

2022-03-24 20:31:01,553{GMT}	INFO	[jepsen node 127.0.0.1] jepsen.os.ubuntu: 127.0.0.1 setting up ubuntu
2022-03-24 20:31:02,619{GMT}	INFO	[jepsen test runner] jepsen.db: Tearing down DB
2022-03-24 20:31:02,621{GMT}	INFO	[jepsen node 127.0.0.1] jepsen.neo4j: 127.0.0.1 tearing down neo4j
2022-03-24 20:31:02,621{GMT}	INFO	[jepsen node 127.0.0.1] jepsen.control.util: Stopping /opt/neo4j/bin/neo4j
2022-03-24 20:31:12,935{GMT}	INFO	[jepsen test runner] jepsen.db: Setting up DB
2022-03-24 20:31:12,936{GMT}	INFO	[jepsen node 127.0.0.1] jepsen.neo4j: 127.0.0.1 installing neo4j 3.5.4
2022-03-24 20:31:25,270{GMT}	INFO	[jepsen test runner] jepsen.core: Relative time begins now
2022-03-24 20:31:25,497{GMT}	INFO	[jepsen worker 0] jepsen.util: 0	:invoke	:read	nil
2022-03-24 20:31:25,955{GMT}	WARN	[jepsen worker 0] jepsen.generator.interpreter: Process 0 crashed
org.neo4j.driver.exceptions.SecurityException: Read operations are not allowed for user 'neo4j' with CREDENTIALS_EXPIRED.

The credentials you provided were valid, but must be changed before you can use this instance. If this is the first time you are using Neo4j, this is to ensure you are not using the default credentials in production. If you are not using default credentials, you are getting this message because an administrator requires a password change.
Changing your password is easy to do via the Neo4j Browser.
If you are connecting via a shell or programmatically via a driver, just issue a `CALL dbms.changePassword('new password')` statement in the current session, and then restart your driver with the new password configured.
	at org.neo4j.driver.internal.util.Futures.blockingGet(Futures.java:144)
	at org.neo4j.driver.internal.InternalSession.run(InternalSession.java:69)
	at org.neo4j.driver.internal.InternalSession.run(InternalSession.java:51)
	at org.neo4j.driver.internal.AbstractQueryRunner.run(AbstractQueryRunner.java:37)
	at neo4clj.java_interop$execute.invokeStatic(java_interop.clj:57)
	at neo4clj.java_interop$execute.invoke(java_interop.clj:52)
	at neo4clj.client$eval4859$fn__4860.invoke(client.clj:86)
	at clojure.lang.MultiFn.invoke(MultiFn.java:239)
	at neo4clj.client$eval4859$fn__4860.invoke(client.clj:83)
	at clojure.lang.MultiFn.invoke(MultiFn.java:234)
	at neo4clj.client$find_node.invokeStatic(client.clj:168)
	at neo4clj.client$find_node.invoke(client.clj:163)
	at jepsen.neo4j.Client.invoke_BANG_(neo4j.clj:92)
	at jepsen.client.Validate.invoke_BANG_(client.clj:83)
	at jepsen.generator.interpreter.ClientWorker.invoke_BANG_(interpreter.clj:62)
	at jepsen.generator.interpreter$spawn_worker$fn__9422$fn__9423.invoke(interpreter.clj:137)
	at jepsen.generator.interpreter$spawn_worker$fn__9422.invoke(interpreter.clj:120)
	at clojure.core$binding_conveyor_fn$fn__5739.invoke(core.clj:2030)
	at clojure.lang.AFn.call(AFn.java:18)
	at java.base/java.util.concurrent.FutureTask.run(FutureTask.java:264)
	at java.base/java.util.concurrent.ThreadPoolExecutor.runWorker(ThreadPoolExecutor.java:1128)
	at java.base/java.util.concurrent.ThreadPoolExecutor$Worker.run(ThreadPoolExecutor.java:628)
	at java.base/java.lang.Thread.run(Thread.java:829)
	Suppressed: org.neo4j.driver.internal.util.ErrorUtil$InternalExceptionCause: null
		at org.neo4j.driver.internal.util.ErrorUtil.newNeo4jError(ErrorUtil.java:88)
		at org.neo4j.driver.internal.async.inbound.InboundMessageDispatcher.handleFailureMessage(InboundMessageDispatcher.java:122)
		at org.neo4j.driver.internal.messaging.common.CommonMessageReader.unpackFailureMessage(CommonMessageReader.java:83)
		at org.neo4j.driver.internal.messaging.common.CommonMessageReader.read(CommonMessageReader.java:59)
		at org.neo4j.driver.internal.async.inbound.InboundMessageHandler.channelRead0(InboundMessageHandler.java:83)
		at org.neo4j.driver.internal.async.inbound.InboundMessageHandler.channelRead0(InboundMessageHandler.java:35)
		at org.neo4j.driver.internal.shaded.io.netty.channel.SimpleChannelInboundHandler.channelRead(SimpleChannelInboundHandler.java:99)
		at org.neo4j.driver.internal.shaded.io.netty.channel.AbstractChannelHandlerContext.invokeChannelRead(AbstractChannelHandlerContext.java:379)
		at org.neo4j.driver.internal.shaded.io.netty.channel.AbstractChannelHandlerContext.invokeChannelRead(AbstractChannelHandlerContext.java:365)
		at org.neo4j.driver.internal.shaded.io.netty.channel.AbstractChannelHandlerContext.fireChannelRead(AbstractChannelHandlerContext.java:357)
		at org.neo4j.driver.internal.shaded.io.netty.handler.codec.ByteToMessageDecoder.fireChannelRead(ByteToMessageDecoder.java:327)
		at org.neo4j.driver.internal.shaded.io.netty.handler.codec.ByteToMessageDecoder.channelRead(ByteToMessageDecoder.java:299)
		at org.neo4j.driver.internal.async.inbound.MessageDecoder.channelRead(MessageDecoder.java:47)
		at org.neo4j.driver.internal.shaded.io.netty.channel.AbstractChannelHandlerContext.invokeChannelRead(AbstractChannelHandlerContext.java:379)
		at org.neo4j.driver.internal.shaded.io.netty.channel.AbstractChannelHandlerContext.invokeChannelRead(AbstractChannelHandlerContext.java:365)
		at org.neo4j.driver.internal.shaded.io.netty.channel.AbstractChannelHandlerContext.fireChannelRead(AbstractChannelHandlerContext.java:357)
		at org.neo4j.driver.internal.shaded.io.netty.handler.codec.ByteToMessageDecoder.fireChannelRead(ByteToMessageDecoder.java:327)
		at org.neo4j.driver.internal.shaded.io.netty.handler.codec.ByteToMessageDecoder.fireChannelRead(ByteToMessageDecoder.java:314)
		at org.neo4j.driver.internal.shaded.io.netty.handler.codec.ByteToMessageDecoder.callDecode(ByteToMessageDecoder.java:435)
		at org.neo4j.driver.internal.shaded.io.netty.handler.codec.ByteToMessageDecoder.channelRead(ByteToMessageDecoder.java:279)
		at org.neo4j.driver.internal.shaded.io.netty.channel.AbstractChannelHandlerContext.invokeChannelRead(AbstractChannelHandlerContext.java:379)
		at org.neo4j.driver.internal.shaded.io.netty.channel.AbstractChannelHandlerContext.invokeChannelRead(AbstractChannelHandlerContext.java:365)
		at org.neo4j.driver.internal.shaded.io.netty.channel.AbstractChannelHandlerContext.fireChannelRead(AbstractChannelHandlerContext.java:357)
		at org.neo4j.driver.internal.shaded.io.netty.channel.DefaultChannelPipeline$HeadContext.channelRead(DefaultChannelPipeline.java:1410)
		at org.neo4j.driver.internal.shaded.io.netty.channel.AbstractChannelHandlerContext.invokeChannelRead(AbstractChannelHandlerContext.java:379)
		at org.neo4j.driver.internal.shaded.io.netty.channel.AbstractChannelHandlerContext.invokeChannelRead(AbstractChannelHandlerContext.java:365)
		at org.neo4j.driver.internal.shaded.io.netty.channel.DefaultChannelPipeline.fireChannelRead(DefaultChannelPipeline.java:919)
		at org.neo4j.driver.internal.shaded.io.netty.channel.nio.AbstractNioByteChannel$NioByteUnsafe.read(AbstractNioByteChannel.java:166)
		at org.neo4j.driver.internal.shaded.io.netty.channel.nio.NioEventLoop.processSelectedKey(NioEventLoop.java:722)
		at org.neo4j.driver.internal.shaded.io.netty.channel.nio.NioEventLoop.processSelectedKeysOptimized(NioEventLoop.java:658)
		at org.neo4j.driver.internal.shaded.io.netty.channel.nio.NioEventLoop.processSelectedKeys(NioEventLoop.java:584)
		at org.neo4j.driver.internal.shaded.io.netty.channel.nio.NioEventLoop.run(NioEventLoop.java:496)
		at org.neo4j.driver.internal.shaded.io.netty.util.concurrent.SingleThreadEventExecutor$4.run(SingleThreadEventExecutor.java:986)
		at org.neo4j.driver.internal.shaded.io.netty.util.internal.ThreadExecutorMap$2.run(ThreadExecutorMap.java:74)
		at org.neo4j.driver.internal.shaded.io.netty.util.concurrent.FastThreadLocalRunnable.run(FastThreadLocalRunnable.java:30)
		... 1 common frames omitted
2022-03-24 20:31:26,007{GMT}	INFO	[jepsen worker 0] jepsen.util: 1	:invoke	:read	nil
2022-03-24 20:31:26,054{GMT}	WARN	[jepsen worker 0] jepsen.generator.interpreter: Process 1 crashed
org.neo4j.driver.exceptions.SecurityException: Read operations are not allowed for user 'neo4j' with CREDENTIALS_EXPIRED.

The credentials you provided were valid, but must be changed before you can use this instance. If this is the first time you are using Neo4j, this is to ensure you are not using the default credentials in production. If you are not using default credentials, you are getting this message because an administrator requires a password change.
Changing your password is easy to do via the Neo4j Browser.
If you are connecting via a shell or programmatically via a driver, just issue a `CALL dbms.changePassword('new password')` statement in the current session, and then restart your driver with the new password configured.
	at org.neo4j.driver.internal.util.Futures.blockingGet(Futures.java:144)
	at org.neo4j.driver.internal.InternalSession.run(InternalSession.java:69)
	at org.neo4j.driver.internal.InternalSession.run(InternalSession.java:51)
	at org.neo4j.driver.internal.AbstractQueryRunner.run(AbstractQueryRunner.java:37)
	at neo4clj.java_interop$execute.invokeStatic(java_interop.clj:57)
	at neo4clj.java_interop$execute.invoke(java_interop.clj:52)
	at neo4clj.client$eval4859$fn__4860.invoke(client.clj:86)
	at clojure.lang.MultiFn.invoke(MultiFn.java:239)
	at neo4clj.client$eval4859$fn__4860.invoke(client.clj:83)
	at clojure.lang.MultiFn.invoke(MultiFn.java:234)
	at neo4clj.client$find_node.invokeStatic(client.clj:168)
	at neo4clj.client$find_node.invoke(client.clj:163)
	at jepsen.neo4j.Client.invoke_BANG_(neo4j.clj:92)
	at jepsen.client.Validate.invoke_BANG_(client.clj:83)
	at jepsen.generator.interpreter.ClientWorker.invoke_BANG_(interpreter.clj:62)
	at jepsen.generator.interpreter$spawn_worker$fn__9422$fn__9423.invoke(interpreter.clj:137)
	at jepsen.generator.interpreter$spawn_worker$fn__9422.invoke(interpreter.clj:120)
	at clojure.core$binding_conveyor_fn$fn__5739.invoke(core.clj:2030)
	at clojure.lang.AFn.call(AFn.java:18)
	at java.base/java.util.concurrent.FutureTask.run(FutureTask.java:264)
	at java.base/java.util.concurrent.ThreadPoolExecutor.runWorker(ThreadPoolExecutor.java:1128)
	at java.base/java.util.concurrent.ThreadPoolExecutor$Worker.run(ThreadPoolExecutor.java:628)
	at java.base/java.lang.Thread.run(Thread.java:829)
	Suppressed: org.neo4j.driver.internal.util.ErrorUtil$InternalExceptionCause: null
		at org.neo4j.driver.internal.util.ErrorUtil.newNeo4jError(ErrorUtil.java:88)
		at org.neo4j.driver.internal.async.inbound.InboundMessageDispatcher.handleFailureMessage(InboundMessageDispatcher.java:122)
		at org.neo4j.driver.internal.messaging.common.CommonMessageReader.unpackFailureMessage(CommonMessageReader.java:83)
		at org.neo4j.driver.internal.messaging.common.CommonMessageReader.read(CommonMessageReader.java:59)
		at org.neo4j.driver.internal.async.inbound.InboundMessageHandler.channelRead0(InboundMessageHandler.java:83)
		at org.neo4j.driver.internal.async.inbound.InboundMessageHandler.channelRead0(InboundMessageHandler.java:35)
		at org.neo4j.driver.internal.shaded.io.netty.channel.SimpleChannelInboundHandler.channelRead(SimpleChannelInboundHandler.java:99)
		at org.neo4j.driver.internal.shaded.io.netty.channel.AbstractChannelHandlerContext.invokeChannelRead(AbstractChannelHandlerContext.java:379)
		at org.neo4j.driver.internal.shaded.io.netty.channel.AbstractChannelHandlerContext.invokeChannelRead(AbstractChannelHandlerContext.java:365)
		at org.neo4j.driver.internal.shaded.io.netty.channel.AbstractChannelHandlerContext.fireChannelRead(AbstractChannelHandlerContext.java:357)
		at org.neo4j.driver.internal.shaded.io.netty.handler.codec.ByteToMessageDecoder.fireChannelRead(ByteToMessageDecoder.java:327)
		at org.neo4j.driver.internal.shaded.io.netty.handler.codec.ByteToMessageDecoder.channelRead(ByteToMessageDecoder.java:299)
		at org.neo4j.driver.internal.async.inbound.MessageDecoder.channelRead(MessageDecoder.java:47)
		at org.neo4j.driver.internal.shaded.io.netty.channel.AbstractChannelHandlerContext.invokeChannelRead(AbstractChannelHandlerContext.java:379)
		at org.neo4j.driver.internal.shaded.io.netty.channel.AbstractChannelHandlerContext.invokeChannelRead(AbstractChannelHandlerContext.java:365)
		at org.neo4j.driver.internal.shaded.io.netty.channel.AbstractChannelHandlerContext.fireChannelRead(AbstractChannelHandlerContext.java:357)
		at org.neo4j.driver.internal.shaded.io.netty.handler.codec.ByteToMessageDecoder.fireChannelRead(ByteToMessageDecoder.java:327)
		at org.neo4j.driver.internal.shaded.io.netty.handler.codec.ByteToMessageDecoder.fireChannelRead(ByteToMessageDecoder.java:314)
		at org.neo4j.driver.internal.shaded.io.netty.handler.codec.ByteToMessageDecoder.callDecode(ByteToMessageDecoder.java:435)
		at org.neo4j.driver.internal.shaded.io.netty.handler.codec.ByteToMessageDecoder.channelRead(ByteToMessageDecoder.java:279)
		at org.neo4j.driver.internal.shaded.io.netty.channel.AbstractChannelHandlerContext.invokeChannelRead(AbstractChannelHandlerContext.java:379)
		at org.neo4j.driver.internal.shaded.io.netty.channel.AbstractChannelHandlerContext.invokeChannelRead(AbstractChannelHandlerContext.java:365)
		at org.neo4j.driver.internal.shaded.io.netty.channel.AbstractChannelHandlerContext.fireChannelRead(AbstractChannelHandlerContext.java:357)
		at org.neo4j.driver.internal.shaded.io.netty.channel.DefaultChannelPipeline$HeadContext.channelRead(DefaultChannelPipeline.java:1410)
		at org.neo4j.driver.internal.shaded.io.netty.channel.AbstractChannelHandlerContext.invokeChannelRead(AbstractChannelHandlerContext.java:379)
		at org.neo4j.driver.internal.shaded.io.netty.channel.AbstractChannelHandlerContext.invokeChannelRead(AbstractChannelHandlerContext.java:365)
		at org.neo4j.driver.internal.shaded.io.netty.channel.DefaultChannelPipeline.fireChannelRead(DefaultChannelPipeline.java:919)
		at org.neo4j.driver.internal.shaded.io.netty.channel.nio.AbstractNioByteChannel$NioByteUnsafe.read(AbstractNioByteChannel.java:166)
		at org.neo4j.driver.internal.shaded.io.netty.channel.nio.NioEventLoop.processSelectedKey(NioEventLoop.java:722)
		at org.neo4j.driver.internal.shaded.io.netty.channel.nio.NioEventLoop.processSelectedKeysOptimized(NioEventLoop.java:658)
		at org.neo4j.driver.internal.shaded.io.netty.channel.nio.NioEventLoop.processSelectedKeys(NioEventLoop.java:584)
		at org.neo4j.driver.internal.shaded.io.netty.channel.nio.NioEventLoop.run(NioEventLoop.java:496)
		at org.neo4j.driver.internal.shaded.io.netty.util.concurrent.SingleThreadEventExecutor$4.run(SingleThreadEventExecutor.java:986)
		at org.neo4j.driver.internal.shaded.io.netty.util.internal.ThreadExecutorMap$2.run(ThreadExecutorMap.java:74)
		at org.neo4j.driver.internal.shaded.io.netty.util.concurrent.FastThreadLocalRunnable.run(FastThreadLocalRunnable.java:30)
		... 1 common frames omitted
2022-03-24 20:31:27,158{GMT}	INFO	[jepsen worker 0] jepsen.util: 2	:invoke	:read	nil
2022-03-24 20:31:27,205{GMT}	WARN	[jepsen worker 0] jepsen.generator.interpreter: Process 2 crashed
org.neo4j.driver.exceptions.SecurityException: Read operations are not allowed for user 'neo4j' with CREDENTIALS_EXPIRED.

The credentials you provided were valid, but must be changed before you can use this instance. If this is the first time you are using Neo4j, this is to ensure you are not using the default credentials in production. If you are not using default credentials, you are getting this message because an administrator requires a password change.
Changing your password is easy to do via the Neo4j Browser.
If you are connecting via a shell or programmatically via a driver, just issue a `CALL dbms.changePassword('new password')` statement in the current session, and then restart your driver with the new password configured.
	at org.neo4j.driver.internal.util.Futures.blockingGet(Futures.java:144)
	at org.neo4j.driver.internal.InternalSession.run(InternalSession.java:69)
	at org.neo4j.driver.internal.InternalSession.run(InternalSession.java:51)
	at org.neo4j.driver.internal.AbstractQueryRunner.run(AbstractQueryRunner.java:37)
	at neo4clj.java_interop$execute.invokeStatic(java_interop.clj:57)
	at neo4clj.java_interop$execute.invoke(java_interop.clj:52)
	at neo4clj.client$eval4859$fn__4860.invoke(client.clj:86)
	at clojure.lang.MultiFn.invoke(MultiFn.java:239)
	at neo4clj.client$eval4859$fn__4860.invoke(client.clj:83)
	at clojure.lang.MultiFn.invoke(MultiFn.java:234)
	at neo4clj.client$find_node.invokeStatic(client.clj:168)
	at neo4clj.client$find_node.invoke(client.clj:163)
	at jepsen.neo4j.Client.invoke_BANG_(neo4j.clj:92)
	at jepsen.client.Validate.invoke_BANG_(client.clj:83)
	at jepsen.generator.interpreter.ClientWorker.invoke_BANG_(interpreter.clj:62)
	at jepsen.generator.interpreter$spawn_worker$fn__9422$fn__9423.invoke(interpreter.clj:137)
	at jepsen.generator.interpreter$spawn_worker$fn__9422.invoke(interpreter.clj:120)
	at clojure.core$binding_conveyor_fn$fn__5739.invoke(core.clj:2030)
	at clojure.lang.AFn.call(AFn.java:18)
	at java.base/java.util.concurrent.FutureTask.run(FutureTask.java:264)
	at java.base/java.util.concurrent.ThreadPoolExecutor.runWorker(ThreadPoolExecutor.java:1128)
	at java.base/java.util.concurrent.ThreadPoolExecutor$Worker.run(ThreadPoolExecutor.java:628)
	at java.base/java.lang.Thread.run(Thread.java:829)
	Suppressed: org.neo4j.driver.internal.util.ErrorUtil$InternalExceptionCause: null
		at org.neo4j.driver.internal.util.ErrorUtil.newNeo4jError(ErrorUtil.java:88)
		at org.neo4j.driver.internal.async.inbound.InboundMessageDispatcher.handleFailureMessage(InboundMessageDispatcher.java:122)
		at org.neo4j.driver.internal.messaging.common.CommonMessageReader.unpackFailureMessage(CommonMessageReader.java:83)
		at org.neo4j.driver.internal.messaging.common.CommonMessageReader.read(CommonMessageReader.java:59)
		at org.neo4j.driver.internal.async.inbound.InboundMessageHandler.channelRead0(InboundMessageHandler.java:83)
		at org.neo4j.driver.internal.async.inbound.InboundMessageHandler.channelRead0(InboundMessageHandler.java:35)
		at org.neo4j.driver.internal.shaded.io.netty.channel.SimpleChannelInboundHandler.channelRead(SimpleChannelInboundHandler.java:99)
		at org.neo4j.driver.internal.shaded.io.netty.channel.AbstractChannelHandlerContext.invokeChannelRead(AbstractChannelHandlerContext.java:379)
		at org.neo4j.driver.internal.shaded.io.netty.channel.AbstractChannelHandlerContext.invokeChannelRead(AbstractChannelHandlerContext.java:365)
		at org.neo4j.driver.internal.shaded.io.netty.channel.AbstractChannelHandlerContext.fireChannelRead(AbstractChannelHandlerContext.java:357)
		at org.neo4j.driver.internal.shaded.io.netty.handler.codec.ByteToMessageDecoder.fireChannelRead(ByteToMessageDecoder.java:327)
		at org.neo4j.driver.internal.shaded.io.netty.handler.codec.ByteToMessageDecoder.channelRead(ByteToMessageDecoder.java:299)
		at org.neo4j.driver.internal.async.inbound.MessageDecoder.channelRead(MessageDecoder.java:47)
		at org.neo4j.driver.internal.shaded.io.netty.channel.AbstractChannelHandlerContext.invokeChannelRead(AbstractChannelHandlerContext.java:379)
		at org.neo4j.driver.internal.shaded.io.netty.channel.AbstractChannelHandlerContext.invokeChannelRead(AbstractChannelHandlerContext.java:365)
		at org.neo4j.driver.internal.shaded.io.netty.channel.AbstractChannelHandlerContext.fireChannelRead(AbstractChannelHandlerContext.java:357)
		at org.neo4j.driver.internal.shaded.io.netty.handler.codec.ByteToMessageDecoder.fireChannelRead(ByteToMessageDecoder.java:327)
		at org.neo4j.driver.internal.shaded.io.netty.handler.codec.ByteToMessageDecoder.fireChannelRead(ByteToMessageDecoder.java:314)
		at org.neo4j.driver.internal.shaded.io.netty.handler.codec.ByteToMessageDecoder.callDecode(ByteToMessageDecoder.java:435)
		at org.neo4j.driver.internal.shaded.io.netty.handler.codec.ByteToMessageDecoder.channelRead(ByteToMessageDecoder.java:279)
		at org.neo4j.driver.internal.shaded.io.netty.channel.AbstractChannelHandlerContext.invokeChannelRead(AbstractChannelHandlerContext.java:379)
		at org.neo4j.driver.internal.shaded.io.netty.channel.AbstractChannelHandlerContext.invokeChannelRead(AbstractChannelHandlerContext.java:365)
		at org.neo4j.driver.internal.shaded.io.netty.channel.AbstractChannelHandlerContext.fireChannelRead(AbstractChannelHandlerContext.java:357)
		at org.neo4j.driver.internal.shaded.io.netty.channel.DefaultChannelPipeline$HeadContext.channelRead(DefaultChannelPipeline.java:1410)
		at org.neo4j.driver.internal.shaded.io.netty.channel.AbstractChannelHandlerContext.invokeChannelRead(AbstractChannelHandlerContext.java:379)
		at org.neo4j.driver.internal.shaded.io.netty.channel.AbstractChannelHandlerContext.invokeChannelRead(AbstractChannelHandlerContext.java:365)
		at org.neo4j.driver.internal.shaded.io.netty.channel.DefaultChannelPipeline.fireChannelRead(DefaultChannelPipeline.java:919)
		at org.neo4j.driver.internal.shaded.io.netty.channel.nio.AbstractNioByteChannel$NioByteUnsafe.read(AbstractNioByteChannel.java:166)
		at org.neo4j.driver.internal.shaded.io.netty.channel.nio.NioEventLoop.processSelectedKey(NioEventLoop.java:722)
		at org.neo4j.driver.internal.shaded.io.netty.channel.nio.NioEventLoop.processSelectedKeysOptimized(NioEventLoop.java:658)
		at org.neo4j.driver.internal.shaded.io.netty.channel.nio.NioEventLoop.processSelectedKeys(NioEventLoop.java:584)
		at org.neo4j.driver.internal.shaded.io.netty.channel.nio.NioEventLoop.run(NioEventLoop.java:496)
		at org.neo4j.driver.internal.shaded.io.netty.util.concurrent.SingleThreadEventExecutor$4.run(SingleThreadEventExecutor.java:986)
		at org.neo4j.driver.internal.shaded.io.netty.util.internal.ThreadExecutorMap$2.run(ThreadExecutorMap.java:74)
		at org.neo4j.driver.internal.shaded.io.netty.util.concurrent.FastThreadLocalRunnable.run(FastThreadLocalRunnable.java:30)
		... 1 common frames omitted
2022-03-24 20:31:27,509{GMT}	INFO	[jepsen worker 0] jepsen.util: 3	:invoke	:read	nil
2022-03-24 20:31:27,582{GMT}	WARN	[jepsen worker 0] jepsen.generator.interpreter: Process 3 crashed
org.neo4j.driver.exceptions.SecurityException: Read operations are not allowed for user 'neo4j' with CREDENTIALS_EXPIRED.

The credentials you provided were valid, but must be changed before you can use this instance. If this is the first time you are using Neo4j, this is to ensure you are not using the default credentials in production. If you are not using default credentials, you are getting this message because an administrator requires a password change.
Changing your password is easy to do via the Neo4j Browser.
If you are connecting via a shell or programmatically via a driver, just issue a `CALL dbms.changePassword('new password')` statement in the current session, and then restart your driver with the new password configured.
	at org.neo4j.driver.internal.util.Futures.blockingGet(Futures.java:144)
	at org.neo4j.driver.internal.InternalSession.run(InternalSession.java:69)
	at org.neo4j.driver.internal.InternalSession.run(InternalSession.java:51)
	at org.neo4j.driver.internal.AbstractQueryRunner.run(AbstractQueryRunner.java:37)
	at neo4clj.java_interop$execute.invokeStatic(java_interop.clj:57)
	at neo4clj.java_interop$execute.invoke(java_interop.clj:52)
	at neo4clj.client$eval4859$fn__4860.invoke(client.clj:86)
	at clojure.lang.MultiFn.invoke(MultiFn.java:239)
	at neo4clj.client$eval4859$fn__4860.invoke(client.clj:83)
	at clojure.lang.MultiFn.invoke(MultiFn.java:234)
	at neo4clj.client$find_node.invokeStatic(client.clj:168)
	at neo4clj.client$find_node.invoke(client.clj:163)
	at jepsen.neo4j.Client.invoke_BANG_(neo4j.clj:92)
	at jepsen.client.Validate.invoke_BANG_(client.clj:83)
	at jepsen.generator.interpreter.ClientWorker.invoke_BANG_(interpreter.clj:62)
	at jepsen.generator.interpreter$spawn_worker$fn__9422$fn__9423.invoke(interpreter.clj:137)
	at jepsen.generator.interpreter$spawn_worker$fn__9422.invoke(interpreter.clj:120)
	at clojure.core$binding_conveyor_fn$fn__5739.invoke(core.clj:2030)
	at clojure.lang.AFn.call(AFn.java:18)
	at java.base/java.util.concurrent.FutureTask.run(FutureTask.java:264)
	at java.base/java.util.concurrent.ThreadPoolExecutor.runWorker(ThreadPoolExecutor.java:1128)
	at java.base/java.util.concurrent.ThreadPoolExecutor$Worker.run(ThreadPoolExecutor.java:628)
	at java.base/java.lang.Thread.run(Thread.java:829)
	Suppressed: org.neo4j.driver.internal.util.ErrorUtil$InternalExceptionCause: null
		at org.neo4j.driver.internal.util.ErrorUtil.newNeo4jError(ErrorUtil.java:88)
		at org.neo4j.driver.internal.async.inbound.InboundMessageDispatcher.handleFailureMessage(InboundMessageDispatcher.java:122)
		at org.neo4j.driver.internal.messaging.common.CommonMessageReader.unpackFailureMessage(CommonMessageReader.java:83)
		at org.neo4j.driver.internal.messaging.common.CommonMessageReader.read(CommonMessageReader.java:59)
		at org.neo4j.driver.internal.async.inbound.InboundMessageHandler.channelRead0(InboundMessageHandler.java:83)
		at org.neo4j.driver.internal.async.inbound.InboundMessageHandler.channelRead0(InboundMessageHandler.java:35)
		at org.neo4j.driver.internal.shaded.io.netty.channel.SimpleChannelInboundHandler.channelRead(SimpleChannelInboundHandler.java:99)
		at org.neo4j.driver.internal.shaded.io.netty.channel.AbstractChannelHandlerContext.invokeChannelRead(AbstractChannelHandlerContext.java:379)
		at org.neo4j.driver.internal.shaded.io.netty.channel.AbstractChannelHandlerContext.invokeChannelRead(AbstractChannelHandlerContext.java:365)
		at org.neo4j.driver.internal.shaded.io.netty.channel.AbstractChannelHandlerContext.fireChannelRead(AbstractChannelHandlerContext.java:357)
		at org.neo4j.driver.internal.shaded.io.netty.handler.codec.ByteToMessageDecoder.fireChannelRead(ByteToMessageDecoder.java:327)
		at org.neo4j.driver.internal.shaded.io.netty.handler.codec.ByteToMessageDecoder.channelRead(ByteToMessageDecoder.java:299)
		at org.neo4j.driver.internal.async.inbound.MessageDecoder.channelRead(MessageDecoder.java:47)
		at org.neo4j.driver.internal.shaded.io.netty.channel.AbstractChannelHandlerContext.invokeChannelRead(AbstractChannelHandlerContext.java:379)
		at org.neo4j.driver.internal.shaded.io.netty.channel.AbstractChannelHandlerContext.invokeChannelRead(AbstractChannelHandlerContext.java:365)
		at org.neo4j.driver.internal.shaded.io.netty.channel.AbstractChannelHandlerContext.fireChannelRead(AbstractChannelHandlerContext.java:357)
		at org.neo4j.driver.internal.shaded.io.netty.handler.codec.ByteToMessageDecoder.fireChannelRead(ByteToMessageDecoder.java:327)
		at org.neo4j.driver.internal.shaded.io.netty.handler.codec.ByteToMessageDecoder.fireChannelRead(ByteToMessageDecoder.java:314)
		at org.neo4j.driver.internal.shaded.io.netty.handler.codec.ByteToMessageDecoder.callDecode(ByteToMessageDecoder.java:435)
		at org.neo4j.driver.internal.shaded.io.netty.handler.codec.ByteToMessageDecoder.channelRead(ByteToMessageDecoder.java:279)
		at org.neo4j.driver.internal.shaded.io.netty.channel.AbstractChannelHandlerContext.invokeChannelRead(AbstractChannelHandlerContext.java:379)
		at org.neo4j.driver.internal.shaded.io.netty.channel.AbstractChannelHandlerContext.invokeChannelRead(AbstractChannelHandlerContext.java:365)
		at org.neo4j.driver.internal.shaded.io.netty.channel.AbstractChannelHandlerContext.fireChannelRead(AbstractChannelHandlerContext.java:357)
		at org.neo4j.driver.internal.shaded.io.netty.channel.DefaultChannelPipeline$HeadContext.channelRead(DefaultChannelPipeline.java:1410)
		at org.neo4j.driver.internal.shaded.io.netty.channel.AbstractChannelHandlerContext.invokeChannelRead(AbstractChannelHandlerContext.java:379)
		at org.neo4j.driver.internal.shaded.io.netty.channel.AbstractChannelHandlerContext.invokeChannelRead(AbstractChannelHandlerContext.java:365)
		at org.neo4j.driver.internal.shaded.io.netty.channel.DefaultChannelPipeline.fireChannelRead(DefaultChannelPipeline.java:919)
		at org.neo4j.driver.internal.shaded.io.netty.channel.nio.AbstractNioByteChannel$NioByteUnsafe.read(AbstractNioByteChannel.java:166)
		at org.neo4j.driver.internal.shaded.io.netty.channel.nio.NioEventLoop.processSelectedKey(NioEventLoop.java:722)
		at org.neo4j.driver.internal.shaded.io.netty.channel.nio.NioEventLoop.processSelectedKeysOptimized(NioEventLoop.java:658)
		at org.neo4j.driver.internal.shaded.io.netty.channel.nio.NioEventLoop.processSelectedKeys(NioEventLoop.java:584)
		at org.neo4j.driver.internal.shaded.io.netty.channel.nio.NioEventLoop.run(NioEventLoop.java:496)
		at org.neo4j.driver.internal.shaded.io.netty.util.concurrent.SingleThreadEventExecutor$4.run(SingleThreadEventExecutor.java:986)
		at org.neo4j.driver.internal.shaded.io.netty.util.internal.ThreadExecutorMap$2.run(ThreadExecutorMap.java:74)
		at org.neo4j.driver.internal.shaded.io.netty.util.concurrent.FastThreadLocalRunnable.run(FastThreadLocalRunnable.java:30)
		... 1 common frames omitted
2022-03-24 20:31:27,587{GMT}	INFO	[jepsen test runner] jepsen.core: Run complete, writing
2022-03-24 20:31:27,618{GMT}	INFO	[jepsen test runner] jepsen.core: Analyzing...
2022-03-24 20:31:27,619{GMT}	INFO	[jepsen test runner] jepsen.core: Analysis complete
2022-03-24 20:31:27,621{GMT}	INFO	[jepsen results] jepsen.store: Wrote /home/d1m0000n/diploma_neo4j/jepsen.neo4j/store/neo4j/20220324T203101.000+0300/results.edn
2022-03-24 20:31:27,626{GMT}	INFO	[jepsen test runner] jepsen.core: Snarfing log files
2022-03-24 20:31:27,730{GMT}	INFO	[jepsen node 127.0.0.1] jepsen.core: downloading /opt/neo4j/logs/neo4j.log to neo4j.log
2022-03-24 20:31:27,855{GMT}	INFO	[jepsen node 127.0.0.1] jepsen.core: downloading /opt/neo4j/logs/debug.log to debug.log
2022-03-24 20:31:27,873{GMT}	INFO	[jepsen test runner] jepsen.core: Snarfing log files
2022-03-24 20:31:27,977{GMT}	INFO	[jepsen node 127.0.0.1] jepsen.core: downloading /opt/neo4j/logs/neo4j.log to neo4j.log
2022-03-24 20:31:28,095{GMT}	INFO	[jepsen node 127.0.0.1] jepsen.core: downloading /opt/neo4j/logs/debug.log to debug.log
2022-03-24 20:31:28,115{GMT}	INFO	[jepsen node 127.0.0.1] jepsen.neo4j: 127.0.0.1 tearing down neo4j
2022-03-24 20:31:28,115{GMT}	INFO	[jepsen node 127.0.0.1] jepsen.control.util: Stopping /opt/neo4j/bin/neo4j
2022-03-24 20:31:39,439{GMT}	INFO	[jepsen test runner] jepsen.core: {:valid? true}


Everything looks good! ヽ(‘ー`)ノ
