2022-03-24 18:06:37.563+0000 WARN  You are using an unsupported version of the Java runtime. Please use Oracle(R) Java(TM) Runtime Environment 8, OpenJDK(TM) 8 or IBM J9.
2022-03-24 18:06:37.573+0000 INFO  ======== Neo4j 3.5.4 ========
2022-03-24 18:06:37.582+0000 INFO  Starting...
WARNING: An illegal reflective access operation has occurred
WARNING: Illegal reflective access by org.eclipse.collections.impl.utility.ArrayListIterate (file:/opt/neo4j/lib/eclipse-collections-9.2.0.jar) to field java.util.ArrayList.elementData
WARNING: Please consider reporting this to the maintainers of org.eclipse.collections.impl.utility.ArrayListIterate
WARNING: Use --illegal-access=warn to enable warnings of further illegal reflective access operations
WARNING: All illegal access operations will be denied in a future release
2022-03-24 18:06:40.289+0000 INFO  Bolt enabled on 127.0.0.1:7687.
2022-03-24 18:06:41.653+0000 INFO  Started.
2022-03-24 18:06:42.658+0000 INFO  Remote interface available at http://localhost:7474/
2022-03-24 18:06:46.906+0000 WARN  Unsupported authentication token, scheme 'none' is only allowed when auth is disabled.
2022-03-24 18:06:47.180+0000 WARN  Unsupported authentication token, scheme 'none' is only allowed when auth is disabled.
2022-03-24 18:06:47.223+0000 WARN  Unsupported authentication token, scheme 'none' is only allowed when auth is disabled.
2022-03-24 18:06:48.387+0000 WARN  Unsupported authentication token, scheme 'none' is only allowed when auth is disabled.
2022-03-24 18:06:49.331+0000 WARN  Unsupported authentication token, scheme 'none' is only allowed when auth is disabled.
2022-03-24 18:06:50.127+0000 INFO  Neo4j Server shutdown initiated by request
2022-03-24 18:06:50.149+0000 INFO  Stopping...
2022-03-24 18:06:50.302+0000 INFO  Stopped.
2022-03-24 18:08:52.053+0000 WARN  You are using an unsupported version of the Java runtime. Please use Oracle(R) Java(TM) Runtime Environment 8, OpenJDK(TM) 8 or IBM J9.
2022-03-24 18:08:52.063+0000 INFO  ======== Neo4j 3.5.4 ========
2022-03-24 18:08:52.073+0000 INFO  Starting...
WARNING: An illegal reflective access operation has occurred
WARNING: Illegal reflective access by org.eclipse.collections.impl.utility.ArrayListIterate (file:/opt/neo4j/lib/eclipse-collections-9.2.0.jar) to field java.util.ArrayList.elementData
WARNING: Please consider reporting this to the maintainers of org.eclipse.collections.impl.utility.ArrayListIterate
WARNING: Use --illegal-access=warn to enable warnings of further illegal reflective access operations
WARNING: All illegal access operations will be denied in a future release
2022-03-24 18:08:54.292+0000 INFO  Bolt enabled on 127.0.0.1:7687.
2022-03-24 18:08:55.640+0000 INFO  Started.
